2019-11-26 14:57:37,037 INFO 49966 [egg:logger] init all loggers with options: {"dir":"/Users/zyy/projects/frontend/demo-vue/logs","encoding":"utf-8","env":"prod","level":"DEBUG","consoleLevel":"DEBUG","disableConsoleAfterReady":true,"outputJSON":false,"buffer":true,"appLogName":"demo-web.log","coreLogName":"egg-web.log","agentLogName":"egg-agent.log","errorLogName":"common-error.log","coreLogger":{},"allowDebugAtProd":true,"type":"application"}
2019-11-26 14:57:37,147 INFO 49966 [egg-multipart] stream mode enable
2019-11-26 14:57:37,294 INFO 49966 [egg-static] starting static serve /public/ -> /Users/zyy/projects/frontend/demo-vue/app/public
2019-11-26 14:57:37,315 INFO 49966 [egg-security] use csrf middleware
2019-11-26 14:57:37,320 INFO 49966 [egg-security] use methodnoallow middleware
2019-11-26 14:57:37,322 INFO 49966 [egg-security] use noopen middleware
2019-11-26 14:57:37,323 INFO 49966 [egg-security] use nosniff middleware
2019-11-26 14:57:37,324 INFO 49966 [egg-security] use xssProtection middleware
2019-11-26 14:57:37,326 INFO 49966 [egg-security] use dta middleware
2019-11-26 14:57:37,326 INFO 49966 [egg-security] compose 6 middlewares into one security middleware
2019-11-26 14:57:37,408 INFO 49966 [egg:core] dump config after load, 33ms
2019-11-26 14:57:37,530 INFO 49966 [egg-watcher:application] watcher start success
2019-11-26 14:57:37,639 INFO 49966 [egg:core] dump config after ready, 40ms
2019-11-26 14:57:37,035 INFO 49967 [egg:logger] init all loggers with options: {"dir":"/Users/zyy/projects/frontend/demo-vue/logs","encoding":"utf-8","env":"prod","level":"DEBUG","consoleLevel":"DEBUG","disableConsoleAfterReady":true,"outputJSON":false,"buffer":true,"appLogName":"demo-web.log","coreLogName":"egg-web.log","agentLogName":"egg-agent.log","errorLogName":"common-error.log","coreLogger":{},"allowDebugAtProd":true,"type":"application"}
2019-11-26 14:57:37,154 INFO 49967 [egg-multipart] stream mode enable
2019-11-26 14:57:37,312 INFO 49967 [egg-static] starting static serve /public/ -> /Users/zyy/projects/frontend/demo-vue/app/public
2019-11-26 14:57:37,323 INFO 49967 [egg-security] use csrf middleware
2019-11-26 14:57:37,325 INFO 49967 [egg-security] use methodnoallow middleware
2019-11-26 14:57:37,326 INFO 49967 [egg-security] use noopen middleware
2019-11-26 14:57:37,335 INFO 49967 [egg-security] use nosniff middleware
2019-11-26 14:57:37,337 INFO 49967 [egg-security] use xssProtection middleware
2019-11-26 14:57:37,338 INFO 49967 [egg-security] use dta middleware
2019-11-26 14:57:37,338 INFO 49967 [egg-security] compose 6 middlewares into one security middleware
2019-11-26 14:57:37,410 INFO 49967 [egg:core] dump config after load, 41ms
2019-11-26 14:57:37,532 INFO 49967 [egg-watcher:application] watcher start success
2019-11-26 14:57:37,620 INFO 49967 [egg:core] dump config after ready, 52ms
2019-11-26 14:57:37,051 INFO 49968 [egg:logger] init all loggers with options: {"dir":"/Users/zyy/projects/frontend/demo-vue/logs","encoding":"utf-8","env":"prod","level":"DEBUG","consoleLevel":"DEBUG","disableConsoleAfterReady":true,"outputJSON":false,"buffer":true,"appLogName":"demo-web.log","coreLogName":"egg-web.log","agentLogName":"egg-agent.log","errorLogName":"common-error.log","coreLogger":{},"allowDebugAtProd":true,"type":"application"}
2019-11-26 14:57:37,157 INFO 49968 [egg-multipart] stream mode enable
2019-11-26 14:57:37,330 INFO 49968 [egg-static] starting static serve /public/ -> /Users/zyy/projects/frontend/demo-vue/app/public
2019-11-26 14:57:37,340 INFO 49968 [egg-security] use csrf middleware
2019-11-26 14:57:37,365 INFO 49968 [egg-security] use methodnoallow middleware
2019-11-26 14:57:37,366 INFO 49968 [egg-security] use noopen middleware
2019-11-26 14:57:37,368 INFO 49968 [egg-security] use nosniff middleware
2019-11-26 14:57:37,369 INFO 49968 [egg-security] use xssProtection middleware
2019-11-26 14:57:37,370 INFO 49968 [egg-security] use dta middleware
2019-11-26 14:57:37,370 INFO 49968 [egg-security] compose 6 middlewares into one security middleware
2019-11-26 14:57:37,402 INFO 49968 [egg:core] dump config after load, 19ms
2019-11-26 14:57:37,535 INFO 49968 [egg-watcher:application] watcher start success
2019-11-26 14:57:37,668 INFO 49968 [egg:core] dump config after ready, 62ms
2019-11-26 14:57:37,073 INFO 49969 [egg:logger] init all loggers with options: {"dir":"/Users/zyy/projects/frontend/demo-vue/logs","encoding":"utf-8","env":"prod","level":"DEBUG","consoleLevel":"DEBUG","disableConsoleAfterReady":true,"outputJSON":false,"buffer":true,"appLogName":"demo-web.log","coreLogName":"egg-web.log","agentLogName":"egg-agent.log","errorLogName":"common-error.log","coreLogger":{},"allowDebugAtProd":true,"type":"application"}
2019-11-26 14:57:37,161 INFO 49969 [egg-multipart] stream mode enable
2019-11-26 14:57:37,292 INFO 49969 [egg-static] starting static serve /public/ -> /Users/zyy/projects/frontend/demo-vue/app/public
2019-11-26 14:57:37,318 INFO 49969 [egg-security] use csrf middleware
2019-11-26 14:57:37,320 INFO 49969 [egg-security] use methodnoallow middleware
2019-11-26 14:57:37,321 INFO 49969 [egg-security] use noopen middleware
2019-11-26 14:57:37,323 INFO 49969 [egg-security] use nosniff middleware
2019-11-26 14:57:37,324 INFO 49969 [egg-security] use xssProtection middleware
2019-11-26 14:57:37,326 INFO 49969 [egg-security] use dta middleware
2019-11-26 14:57:37,326 INFO 49969 [egg-security] compose 6 middlewares into one security middleware
2019-11-26 14:57:37,440 INFO 49969 [egg:core] dump config after load, 56ms
2019-11-26 14:57:37,528 INFO 49969 [egg-watcher:application] watcher start success
2019-11-26 14:57:37,624 INFO 49969 [egg:core] dump config after ready, 10ms
