2019-11-22 11:11:02,486 ERROR 49871 [-/127.0.0.1/-/77ms GET /app] nodejs.Error: Module build failed (from ./node_modules/babel-loader/lib/index.js):
SyntaxError: /Users/hy/demo-vue/app/view/web/pages/todo/todo.vue: Unexpected token (47:21)

[0m [90m 45 | [39m    [90m//   this.fetchTodos()[39m[0m
[0m [90m 46 | [39m    [90m// }[39m[0m
[0m[31m[1m>[22m[39m[90m 47 | [39m    console[33m.[39mlog([36mthis[39m[33m.[39m)[33m;[39m[0m
[0m [90m    | [39m                     [31m[1m^[22m[39m[0m
[0m [90m 48 | [39m  }[33m,[39m[0m
[0m [90m 49 | [39m   asyncData ({ store[33m,[39m router }) {[0m
[0m [90m 50 | [39m    [90m// console.log(store);[39m[0m
    at Object.raise (/Users/hy/demo-vue/node_modules/@babel/core/node_modules/@babel/parser/lib/index.js:6930:17)
    at Object.unexpected (/Users/hy/demo-vue/node_modules/@babel/core/node_modules/@babel/parser/lib/index.js:8323:16)
    at Object.parseIdentifierName (/Users/hy/demo-vue/node_modules/@babel/core/node_modules/@babel/parser/lib/index.js:10282:18)
    at Object.parseIdentifier (/Users/hy/demo-vue/node_modules/@babel/core/node_modules/@babel/parser/lib/index.js:10260:23)
    at Object.parseMaybePrivateName (/Users/hy/demo-vue/node_modules/@babel/core/node_modules/@babel/parser/lib/index.js:9604:19)
    at Object.parseSubscript (/Users/hy/demo-vue/node_modules/@babel/core/node_modules/@babel/parser/lib/index.js:9234:28)
    at Object.parseSubscripts (/Users/hy/demo-vue/node_modules/@babel/core/node_modules/@babel/parser/lib/index.js:9186:19)
    at Object.parseExprSubscripts (/Users/hy/demo-vue/node_modules/@babel/core/node_modules/@babel/parser/lib/index.js:9175:17)
    at Object.parseMaybeUnary (/Users/hy/demo-vue/node_modules/@babel/core/node_modules/@babel/parser/lib/index.js:9145:21)
    at Object.parseExprOps (/Users/hy/demo-vue/node_modules/@babel/core/node_modules/@babel/parser/lib/index.js:9011:23)
    at Object.parseMaybeConditional (/Users/hy/demo-vue/node_modules/@babel/core/node_modules/@babel/parser/lib/index.js:8984:23)
    at Object.parseMaybeAssign (/Users/hy/demo-vue/node_modules/@babel/core/node_modules/@babel/parser/lib/index.js:8930:21)
    at Object.parseExprListItem (/Users/hy/demo-vue/node_modules/@babel/core/node_modules/@babel/parser/lib/index.js:10252:18)
    at Object.parseCallExpressionArguments (/Users/hy/demo-vue/node_modules/@babel/core/node_modules/@babel/parser/lib/index.js:9362:22)
    at Object.parseSubscript (/Users/hy/demo-vue/node_modules/@babel/core/node_modules/@babel/parser/lib/index.js:9270:29)
    at Object.parseSubscripts (/Users/hy/demo-vue/node_modules/@babel/core/node_modules/@babel/parser/lib/index.js:9186:19)
SyntaxError: /Users/hy/demo-vue/app/view/web/pages/todo/todo.vue: Unexpected token (47:21)

[0m [90m 45 | [39m    [90m//   this.fetchTodos()[39m[0m
[0m [90m 46 | [39m    [90m// }[39m[0m
[0m[31m[1m>[22m[39m[90m 47 | [39m    console[33m.[39mlog([36mthis[39m[33m.[39m)[33m;[39m[0m
[0m [90m    | [39m                     [31m[1m^[22m[39m[0m
[0m [90m 48 | [39m  }[33m,[39m[0m
[0m [90m 49 | [39m   asyncData ({ store[33m,[39m router }) {[0m
[0m [90m 50 | [39m    [90m// console.log(store);[39m[0m
    at Object.raise (/Users/hy/demo-vue/node_modules/@babel/core/node_modules/@babel/parser/lib/index.js:6930:17)
    at Object.unexpected (/Users/hy/demo-vue/node_modules/@babel/core/node_modules/@babel/parser/lib/index.js:8323:16)
    at Object.parseIdentifierName (/Users/hy/demo-vue/node_modules/@babel/core/node_modules/@babel/parser/lib/index.js:10282:18)
    at Object.parseIdentifier (/Users/hy/demo-vue/node_modules/@babel/core/node_modules/@babel/parser/lib/index.js:10260:23)
    at Object.parseMaybePrivateName (/Users/hy/demo-vue/node_modules/@babel/core/node_modules/@babel/parser/lib/index.js:9604:19)
    at Object.parseSubscript (/Users/hy/demo-vue/node_modules/@babel/core/node_modules/@babel/parser/lib/index.js:9234:28)
    at Object.parseSubscripts (/Users/hy/demo-vue/node_modules/@babel/core/node_modules/@babel/parser/lib/index.js:9186:19)
    at Object.parseExprSubscripts (/Users/hy/demo-vue/node_modules/@babel/core/node_modules/@babel/parser/lib/index.js:9175:17)
    at Object.parseMaybeUnary (/Users/hy/demo-vue/node_modules/@babel/core/node_modules/@babel/parser/lib/index.js:9145:21)
    at Object.parseExprOps (/Users/hy/demo-vue/node_modules/@babel/core/node_modules/@babel/parser/lib/index.js:9011:23)
    at Object.parseMaybeConditional (/Users/hy/demo-vue/node_modules/@babel/core/node_modules/@babel/parser/lib/index.js:8984:23)
    at Object.parseMaybeAssign (/Users/hy/demo-vue/node_modules/@babel/core/node_modules/@babel/parser/lib/index.js:8930:21)
    at Object.parseExprListItem (/Users/hy/demo-vue/node_modules/@babel/core/node_modules/@babel/parser/lib/index.js:10252:18)
    at Object.parseCallExpressionArguments (/Users/hy/demo-vue/node_modules/@babel/core/node_modules/@babel/parser/lib/index.js:9362:22)
    at Object.parseSubscript (/Users/hy/demo-vue/node_modules/@babel/core/node_modules/@babel/parser/lib/index.js:9270:29)
    at Object.parseSubscripts (/Users/hy/demo-vue/node_modules/@babel/core/node_modules/@babel/parser/lib/index.js:9186:19)
    at Object../node_modules/babel-loader/lib/index.js!./node_modules/vue-loader/lib/index.js?!./app/view/web/pages/todo/todo.vue?vue&type=script&lang=js& (server-entry.js:1406:7)
    at __webpack_require__ (webpack/bootstrap:19:0)
    at Module../app/view/web/pages/todo/todo.vue?vue&type=script&lang=js& (app/view/web/pages/todo/todo.vue?8fcc:1:0)
    at __webpack_require__ (webpack/bootstrap:19:0)
    at Module../app/view/web/pages/todo/todo.vue (app/view/web/pages/todo/todo.vue:1:0)
    at __webpack_require__ (webpack/bootstrap:19:0)
    at Module../node_modules/babel-loader/lib/index.js!./node_modules/vue-loader/lib/index.js?!./app/view/web/app.vue?vue&type=script&lang=js& (server-entry.js:1209:78)
    at __webpack_require__ (webpack/bootstrap:19:0)
    at Module../app/view/web/app.vue?vue&type=script&lang=js& (app/view/web/app.vue?3e7c:1:0)
    at __webpack_require__ (webpack/bootstrap:19:0)
name: "Error"
pid: 49871
hostname: hydeiMac.local

2019-11-22 11:49:52,064 ERROR 49870 nodejs.ClusterClientNoResponseError: client no response in 70328ms exceeding maxIdleTime 60000ms, maybe the connection is close on other side.
    at Timeout.Leader._heartbeatTimer.setInterval [as _onTimeout] (/Users/hy/demo-vue/node_modules/cluster-client/lib/leader.js:77:23)
    at ontimeout (timers.js:436:11)
    at tryOnTimeout (timers.js:300:5)
    at listOnTimeout (timers.js:263:5)
    at Timer.processTimers (timers.js:223:10)
name: "ClusterClientNoResponseError"
pid: 49870
hostname: hydeiMac.local

2019-11-22 11:50:23,505 ERROR 50242 [-/127.0.0.1/-/10ms GET /app] nodejs.TypeError: renderer is not a function
    at HomeController.index (/Users/hy/demo-vue/app/controller/home.js:11:31)
    at Object.callFn (/Users/hy/demo-vue/node_modules/egg-core/lib/utils/index.js:44:21)
    at Object.classControllerMiddleware (/Users/hy/demo-vue/node_modules/egg-core/lib/loader/mixin/controller.js:87:20)
    at Object.callFn (/Users/hy/demo-vue/node_modules/@eggjs/router/lib/utils.js:12:21)
    at wrappedController (/Users/hy/demo-vue/node_modules/@eggjs/router/lib/egg_router.js:322:18)
    at dispatch (/Users/hy/demo-vue/node_modules/koa-compose/index.js:44:32)
    at next (/Users/hy/demo-vue/node_modules/koa-compose/index.js:45:18)
    at /Users/hy/demo-vue/node_modules/@eggjs/router/lib/router.js:190:18
    at dispatch (/Users/hy/demo-vue/node_modules/koa-compose/index.js:44:32)
    at /Users/hy/demo-vue/node_modules/koa-compose/index.js:36:12
    at dispatch (/Users/hy/demo-vue/node_modules/@eggjs/router/lib/router.js:195:33)
    at dispatch (/Users/hy/demo-vue/node_modules/koa/node_modules/koa-compose/index.js:42:32)
    at /Users/hy/demo-vue/node_modules/egg-development/app/middleware/egg_loader_trace.js:9:56
    at dispatch (/Users/hy/demo-vue/node_modules/koa/node_modules/koa-compose/index.js:42:32)
    at i18n (/Users/hy/demo-vue/node_modules/egg-i18n/app/middleware/i18n.js:13:12)
    at dispatch (/Users/hy/demo-vue/node_modules/koa/node_modules/koa-compose/index.js:42:32)

pid: 50242
hostname: hydeiMac.local

2019-11-22 11:50:24,177 ERROR 50242 [-/127.0.0.1/-/0ms GET /app] nodejs.TypeError: renderer is not a function
    at HomeController.index (/Users/hy/demo-vue/app/controller/home.js:11:31)
    at Object.callFn (/Users/hy/demo-vue/node_modules/egg-core/lib/utils/index.js:44:21)
    at Object.classControllerMiddleware (/Users/hy/demo-vue/node_modules/egg-core/lib/loader/mixin/controller.js:87:20)
    at Object.callFn (/Users/hy/demo-vue/node_modules/@eggjs/router/lib/utils.js:12:21)
    at wrappedController (/Users/hy/demo-vue/node_modules/@eggjs/router/lib/egg_router.js:322:18)
    at dispatch (/Users/hy/demo-vue/node_modules/koa-compose/index.js:44:32)
    at next (/Users/hy/demo-vue/node_modules/koa-compose/index.js:45:18)
    at /Users/hy/demo-vue/node_modules/@eggjs/router/lib/router.js:190:18
    at dispatch (/Users/hy/demo-vue/node_modules/koa-compose/index.js:44:32)
    at /Users/hy/demo-vue/node_modules/koa-compose/index.js:36:12
    at dispatch (/Users/hy/demo-vue/node_modules/@eggjs/router/lib/router.js:195:33)
    at dispatch (/Users/hy/demo-vue/node_modules/koa/node_modules/koa-compose/index.js:42:32)
    at /Users/hy/demo-vue/node_modules/egg-development/app/middleware/egg_loader_trace.js:9:56
    at dispatch (/Users/hy/demo-vue/node_modules/koa/node_modules/koa-compose/index.js:42:32)
    at i18n (/Users/hy/demo-vue/node_modules/egg-i18n/app/middleware/i18n.js:13:12)
    at dispatch (/Users/hy/demo-vue/node_modules/koa/node_modules/koa-compose/index.js:42:32)

pid: 50242
hostname: hydeiMac.local

2019-11-22 11:51:23,569 ERROR 50281 [-/127.0.0.1/-/7ms GET /app] nodejs.TypeError: renderer is not a function
    at HomeController.index (/Users/hy/demo-vue/app/controller/home.js:11:31)
    at Object.callFn (/Users/hy/demo-vue/node_modules/egg-core/lib/utils/index.js:44:21)
    at Object.classControllerMiddleware (/Users/hy/demo-vue/node_modules/egg-core/lib/loader/mixin/controller.js:87:20)
    at Object.callFn (/Users/hy/demo-vue/node_modules/@eggjs/router/lib/utils.js:12:21)
    at wrappedController (/Users/hy/demo-vue/node_modules/@eggjs/router/lib/egg_router.js:322:18)
    at dispatch (/Users/hy/demo-vue/node_modules/koa-compose/index.js:44:32)
    at next (/Users/hy/demo-vue/node_modules/koa-compose/index.js:45:18)
    at /Users/hy/demo-vue/node_modules/@eggjs/router/lib/router.js:190:18
    at dispatch (/Users/hy/demo-vue/node_modules/koa-compose/index.js:44:32)
    at /Users/hy/demo-vue/node_modules/koa-compose/index.js:36:12
    at dispatch (/Users/hy/demo-vue/node_modules/@eggjs/router/lib/router.js:195:33)
    at dispatch (/Users/hy/demo-vue/node_modules/koa/node_modules/koa-compose/index.js:42:32)
    at /Users/hy/demo-vue/node_modules/egg-development/app/middleware/egg_loader_trace.js:9:56
    at dispatch (/Users/hy/demo-vue/node_modules/koa/node_modules/koa-compose/index.js:42:32)
    at i18n (/Users/hy/demo-vue/node_modules/egg-i18n/app/middleware/i18n.js:13:12)
    at dispatch (/Users/hy/demo-vue/node_modules/koa/node_modules/koa-compose/index.js:42:32)

pid: 50281
hostname: hydeiMac.local

2019-11-22 11:51:26,522 ERROR 50281 [-/127.0.0.1/-/1ms GET /app] nodejs.TypeError: renderer is not a function
    at HomeController.index (/Users/hy/demo-vue/app/controller/home.js:11:31)
    at Object.callFn (/Users/hy/demo-vue/node_modules/egg-core/lib/utils/index.js:44:21)
    at Object.classControllerMiddleware (/Users/hy/demo-vue/node_modules/egg-core/lib/loader/mixin/controller.js:87:20)
    at Object.callFn (/Users/hy/demo-vue/node_modules/@eggjs/router/lib/utils.js:12:21)
    at wrappedController (/Users/hy/demo-vue/node_modules/@eggjs/router/lib/egg_router.js:322:18)
    at dispatch (/Users/hy/demo-vue/node_modules/koa-compose/index.js:44:32)
    at next (/Users/hy/demo-vue/node_modules/koa-compose/index.js:45:18)
    at /Users/hy/demo-vue/node_modules/@eggjs/router/lib/router.js:190:18
    at dispatch (/Users/hy/demo-vue/node_modules/koa-compose/index.js:44:32)
    at /Users/hy/demo-vue/node_modules/koa-compose/index.js:36:12
    at dispatch (/Users/hy/demo-vue/node_modules/@eggjs/router/lib/router.js:195:33)
    at dispatch (/Users/hy/demo-vue/node_modules/koa/node_modules/koa-compose/index.js:42:32)
    at /Users/hy/demo-vue/node_modules/egg-development/app/middleware/egg_loader_trace.js:9:56
    at dispatch (/Users/hy/demo-vue/node_modules/koa/node_modules/koa-compose/index.js:42:32)
    at i18n (/Users/hy/demo-vue/node_modules/egg-i18n/app/middleware/i18n.js:13:12)
    at dispatch (/Users/hy/demo-vue/node_modules/koa/node_modules/koa-compose/index.js:42:32)

pid: 50281
hostname: hydeiMac.local

2019-11-22 11:57:30,015 ERROR 50438 nodejs.unhandledRejectionError: Content placeholder not found in template.
    at parseTemplate (/Users/hy/demo-vue/node_modules/vue-server-renderer/build.dev.js:8773:11)
    at new TemplateRenderer (/Users/hy/demo-vue/node_modules/vue-server-renderer/build.dev.js:8866:9)
    at createRenderer (/Users/hy/demo-vue/node_modules/vue-server-renderer/build.dev.js:9131:26)
    at createRenderer$1 (/Users/hy/demo-vue/node_modules/vue-server-renderer/build.dev.js:9589:10)
    at createBundleRenderer (/Users/hy/demo-vue/node_modules/vue-server-renderer/build.dev.js:9506:20)
    at handleDevSSR (/Users/hy/demo-vue/app.js:36:20)
    at process._tickCallback (internal/process/next_tick.js:68:7)
name: "unhandledRejectionError"
pid: 50438
hostname: hydeiMac.local

2019-11-22 11:57:50,971 ERROR 50470 nodejs.unhandledRejectionError: Content placeholder not found in template.
    at parseTemplate (/Users/hy/demo-vue/node_modules/vue-server-renderer/build.dev.js:8773:11)
    at new TemplateRenderer (/Users/hy/demo-vue/node_modules/vue-server-renderer/build.dev.js:8866:9)
    at createRenderer (/Users/hy/demo-vue/node_modules/vue-server-renderer/build.dev.js:9131:26)
    at createRenderer$1 (/Users/hy/demo-vue/node_modules/vue-server-renderer/build.dev.js:9589:10)
    at createBundleRenderer (/Users/hy/demo-vue/node_modules/vue-server-renderer/build.dev.js:9506:20)
    at handleDevSSR (/Users/hy/demo-vue/app.js:36:20)
    at process._tickCallback (internal/process/next_tick.js:68:7)
name: "unhandledRejectionError"
pid: 50470
hostname: hydeiMac.local

2019-11-22 12:00:10,613 ERROR 50512 nodejs.unhandledRejectionError: Content placeholder not found in template.
    at parseTemplate (/Users/hy/demo-vue/node_modules/vue-server-renderer/build.dev.js:8773:11)
    at new TemplateRenderer (/Users/hy/demo-vue/node_modules/vue-server-renderer/build.dev.js:8866:9)
    at createRenderer (/Users/hy/demo-vue/node_modules/vue-server-renderer/build.dev.js:9131:26)
    at createRenderer$1 (/Users/hy/demo-vue/node_modules/vue-server-renderer/build.dev.js:9589:10)
    at createBundleRenderer (/Users/hy/demo-vue/node_modules/vue-server-renderer/build.dev.js:9506:20)
    at handleDevSSR (/Users/hy/demo-vue/app.js:36:20)
    at process._tickCallback (internal/process/next_tick.js:68:7)
name: "unhandledRejectionError"
pid: 50512
hostname: hydeiMac.local

2019-11-22 12:00:40,636 ERROR 50542 nodejs.unhandledRejectionError: Content placeholder not found in template.
    at parseTemplate (/Users/hy/demo-vue/node_modules/vue-server-renderer/build.dev.js:8773:11)
    at new TemplateRenderer (/Users/hy/demo-vue/node_modules/vue-server-renderer/build.dev.js:8866:9)
    at createRenderer (/Users/hy/demo-vue/node_modules/vue-server-renderer/build.dev.js:9131:26)
    at createRenderer$1 (/Users/hy/demo-vue/node_modules/vue-server-renderer/build.dev.js:9589:10)
    at createBundleRenderer (/Users/hy/demo-vue/node_modules/vue-server-renderer/build.dev.js:9506:20)
    at handleDevSSR (/Users/hy/demo-vue/app.js:36:20)
    at process._tickCallback (internal/process/next_tick.js:68:7)
name: "unhandledRejectionError"
pid: 50542
hostname: hydeiMac.local

2019-11-22 12:10:42,090 ERROR 50566 nodejs.unhandledRejectionError: Content placeholder not found in template.
    at parseTemplate (/Users/hy/demo-vue/node_modules/vue-server-renderer/build.dev.js:8773:11)
    at new TemplateRenderer (/Users/hy/demo-vue/node_modules/vue-server-renderer/build.dev.js:8866:9)
    at createRenderer (/Users/hy/demo-vue/node_modules/vue-server-renderer/build.dev.js:9131:26)
    at createRenderer$1 (/Users/hy/demo-vue/node_modules/vue-server-renderer/build.dev.js:9589:10)
    at createBundleRenderer (/Users/hy/demo-vue/node_modules/vue-server-renderer/build.dev.js:9506:20)
    at handleDevSSR (/Users/hy/demo-vue/app.js:36:20)
    at process._tickCallback (internal/process/next_tick.js:68:7)
name: "unhandledRejectionError"
pid: 50566
hostname: hydeiMac.local

2019-11-22 12:24:52,716 ERROR 50685 nodejs.unhandledRejectionError: Content placeholder not found in template.
    at parseTemplate (/Users/hy/demo-vue/node_modules/vue-server-renderer/build.dev.js:8773:11)
    at new TemplateRenderer (/Users/hy/demo-vue/node_modules/vue-server-renderer/build.dev.js:8866:9)
    at createRenderer (/Users/hy/demo-vue/node_modules/vue-server-renderer/build.dev.js:9131:26)
    at createRenderer$1 (/Users/hy/demo-vue/node_modules/vue-server-renderer/build.dev.js:9589:10)
    at createBundleRenderer (/Users/hy/demo-vue/node_modules/vue-server-renderer/build.dev.js:9506:20)
    at handleDevSSR (/Users/hy/demo-vue/app.js:36:20)
    at process._tickCallback (internal/process/next_tick.js:68:7)
name: "unhandledRejectionError"
pid: 50685
hostname: hydeiMac.local

2019-11-22 12:46:05,366 ERROR 50685 [-/127.0.0.1/-/9ms GET /app] nodejs.TypeError: renderer is not a function
    at HomeController.index (/Users/hy/demo-vue/app/controller/home.js:11:31)
    at Object.callFn (/Users/hy/demo-vue/node_modules/egg-core/lib/utils/index.js:44:21)
    at Object.classControllerMiddleware (/Users/hy/demo-vue/node_modules/egg-core/lib/loader/mixin/controller.js:87:20)
    at Object.callFn (/Users/hy/demo-vue/node_modules/@eggjs/router/lib/utils.js:12:21)
    at wrappedController (/Users/hy/demo-vue/node_modules/@eggjs/router/lib/egg_router.js:322:18)
    at dispatch (/Users/hy/demo-vue/node_modules/koa-compose/index.js:44:32)
    at next (/Users/hy/demo-vue/node_modules/koa-compose/index.js:45:18)
    at /Users/hy/demo-vue/node_modules/@eggjs/router/lib/router.js:190:18
    at dispatch (/Users/hy/demo-vue/node_modules/koa-compose/index.js:44:32)
    at /Users/hy/demo-vue/node_modules/koa-compose/index.js:36:12
    at dispatch (/Users/hy/demo-vue/node_modules/@eggjs/router/lib/router.js:195:33)
    at dispatch (/Users/hy/demo-vue/node_modules/koa/node_modules/koa-compose/index.js:42:32)
    at /Users/hy/demo-vue/node_modules/egg-development/app/middleware/egg_loader_trace.js:9:56
    at dispatch (/Users/hy/demo-vue/node_modules/koa/node_modules/koa-compose/index.js:42:32)
    at i18n (/Users/hy/demo-vue/node_modules/egg-i18n/app/middleware/i18n.js:13:12)
    at dispatch (/Users/hy/demo-vue/node_modules/koa/node_modules/koa-compose/index.js:42:32)

pid: 50685
hostname: hydeiMac.local

2019-11-22 18:39:54,634 ERROR 50818 [-/127.0.0.1/-/8ms GET /app] nodejs.TypeError: renderer is not a function
    at HomeController.index (/Users/hy/demo-vue/app/controller/home.js:11:31)
    at Object.callFn (/Users/hy/demo-vue/node_modules/egg-core/lib/utils/index.js:44:21)
    at Object.classControllerMiddleware (/Users/hy/demo-vue/node_modules/egg-core/lib/loader/mixin/controller.js:87:20)
    at Object.callFn (/Users/hy/demo-vue/node_modules/@eggjs/router/lib/utils.js:12:21)
    at wrappedController (/Users/hy/demo-vue/node_modules/@eggjs/router/lib/egg_router.js:322:18)
    at dispatch (/Users/hy/demo-vue/node_modules/koa-compose/index.js:44:32)
    at next (/Users/hy/demo-vue/node_modules/koa-compose/index.js:45:18)
    at /Users/hy/demo-vue/node_modules/@eggjs/router/lib/router.js:190:18
    at dispatch (/Users/hy/demo-vue/node_modules/koa-compose/index.js:44:32)
    at /Users/hy/demo-vue/node_modules/koa-compose/index.js:36:12

pid: 50818
hostname: hydeiMac.local

2019-11-22 18:39:54,841 ERROR 50818 [-/127.0.0.1/-/1ms GET /app] nodejs.TypeError: renderer is not a function
    at HomeController.index (/Users/hy/demo-vue/app/controller/home.js:11:31)
    at Object.callFn (/Users/hy/demo-vue/node_modules/egg-core/lib/utils/index.js:44:21)
    at Object.classControllerMiddleware (/Users/hy/demo-vue/node_modules/egg-core/lib/loader/mixin/controller.js:87:20)
    at Object.callFn (/Users/hy/demo-vue/node_modules/@eggjs/router/lib/utils.js:12:21)
    at wrappedController (/Users/hy/demo-vue/node_modules/@eggjs/router/lib/egg_router.js:322:18)
    at dispatch (/Users/hy/demo-vue/node_modules/koa-compose/index.js:44:32)
    at next (/Users/hy/demo-vue/node_modules/koa-compose/index.js:45:18)
    at /Users/hy/demo-vue/node_modules/@eggjs/router/lib/router.js:190:18
    at dispatch (/Users/hy/demo-vue/node_modules/koa-compose/index.js:44:32)
    at /Users/hy/demo-vue/node_modules/koa-compose/index.js:36:12

pid: 50818
hostname: hydeiMac.local

2019-11-22 18:39:54,846 ERROR 50818 [-/127.0.0.1/-/0ms GET /app] nodejs.TypeError: renderer is not a function
    at HomeController.index (/Users/hy/demo-vue/app/controller/home.js:11:31)
    at Object.callFn (/Users/hy/demo-vue/node_modules/egg-core/lib/utils/index.js:44:21)
    at Object.classControllerMiddleware (/Users/hy/demo-vue/node_modules/egg-core/lib/loader/mixin/controller.js:87:20)
    at Object.callFn (/Users/hy/demo-vue/node_modules/@eggjs/router/lib/utils.js:12:21)
    at wrappedController (/Users/hy/demo-vue/node_modules/@eggjs/router/lib/egg_router.js:322:18)
    at dispatch (/Users/hy/demo-vue/node_modules/koa-compose/index.js:44:32)
    at next (/Users/hy/demo-vue/node_modules/koa-compose/index.js:45:18)
    at /Users/hy/demo-vue/node_modules/@eggjs/router/lib/router.js:190:18
    at dispatch (/Users/hy/demo-vue/node_modules/koa-compose/index.js:44:32)
    at /Users/hy/demo-vue/node_modules/koa-compose/index.js:36:12

pid: 50818
hostname: hydeiMac.local

2019-11-22 18:39:57,967 ERROR 50818 [-/127.0.0.1/-/1ms GET /app] nodejs.TypeError: renderer is not a function
    at HomeController.index (/Users/hy/demo-vue/app/controller/home.js:11:31)
    at Object.callFn (/Users/hy/demo-vue/node_modules/egg-core/lib/utils/index.js:44:21)
    at Object.classControllerMiddleware (/Users/hy/demo-vue/node_modules/egg-core/lib/loader/mixin/controller.js:87:20)
    at Object.callFn (/Users/hy/demo-vue/node_modules/@eggjs/router/lib/utils.js:12:21)
    at wrappedController (/Users/hy/demo-vue/node_modules/@eggjs/router/lib/egg_router.js:322:18)
    at dispatch (/Users/hy/demo-vue/node_modules/koa-compose/index.js:44:32)
    at next (/Users/hy/demo-vue/node_modules/koa-compose/index.js:45:18)
    at /Users/hy/demo-vue/node_modules/@eggjs/router/lib/router.js:190:18
    at dispatch (/Users/hy/demo-vue/node_modules/koa-compose/index.js:44:32)
    at /Users/hy/demo-vue/node_modules/koa-compose/index.js:36:12
    at dispatch (/Users/hy/demo-vue/node_modules/@eggjs/router/lib/router.js:195:33)
    at dispatch (/Users/hy/demo-vue/node_modules/koa/node_modules/koa-compose/index.js:42:32)
    at /Users/hy/demo-vue/node_modules/egg-development/app/middleware/egg_loader_trace.js:9:56
    at dispatch (/Users/hy/demo-vue/node_modules/koa/node_modules/koa-compose/index.js:42:32)
    at i18n (/Users/hy/demo-vue/node_modules/egg-i18n/app/middleware/i18n.js:13:12)
    at dispatch (/Users/hy/demo-vue/node_modules/koa/node_modules/koa-compose/index.js:42:32)

pid: 50818
hostname: hydeiMac.local

2019-11-22 18:40:00,354 ERROR 50818 [-/127.0.0.1/-/0ms GET /app] nodejs.TypeError: renderer is not a function
    at HomeController.index (/Users/hy/demo-vue/app/controller/home.js:11:31)
    at Object.callFn (/Users/hy/demo-vue/node_modules/egg-core/lib/utils/index.js:44:21)
    at Object.classControllerMiddleware (/Users/hy/demo-vue/node_modules/egg-core/lib/loader/mixin/controller.js:87:20)
    at Object.callFn (/Users/hy/demo-vue/node_modules/@eggjs/router/lib/utils.js:12:21)
    at wrappedController (/Users/hy/demo-vue/node_modules/@eggjs/router/lib/egg_router.js:322:18)
    at dispatch (/Users/hy/demo-vue/node_modules/koa-compose/index.js:44:32)
    at next (/Users/hy/demo-vue/node_modules/koa-compose/index.js:45:18)
    at /Users/hy/demo-vue/node_modules/@eggjs/router/lib/router.js:190:18
    at dispatch (/Users/hy/demo-vue/node_modules/koa-compose/index.js:44:32)
    at /Users/hy/demo-vue/node_modules/koa-compose/index.js:36:12
    at dispatch (/Users/hy/demo-vue/node_modules/@eggjs/router/lib/router.js:195:33)
    at dispatch (/Users/hy/demo-vue/node_modules/koa/node_modules/koa-compose/index.js:42:32)
    at /Users/hy/demo-vue/node_modules/egg-development/app/middleware/egg_loader_trace.js:9:56
    at dispatch (/Users/hy/demo-vue/node_modules/koa/node_modules/koa-compose/index.js:42:32)
    at i18n (/Users/hy/demo-vue/node_modules/egg-i18n/app/middleware/i18n.js:13:12)
    at dispatch (/Users/hy/demo-vue/node_modules/koa/node_modules/koa-compose/index.js:42:32)

pid: 50818
hostname: hydeiMac.local

2019-11-22 18:40:10,452 ERROR 50818 [-/127.0.0.1/-/1ms GET /app] nodejs.TypeError: renderer is not a function
    at HomeController.index (/Users/hy/demo-vue/app/controller/home.js:11:31)
    at Object.callFn (/Users/hy/demo-vue/node_modules/egg-core/lib/utils/index.js:44:21)
    at Object.classControllerMiddleware (/Users/hy/demo-vue/node_modules/egg-core/lib/loader/mixin/controller.js:87:20)
    at Object.callFn (/Users/hy/demo-vue/node_modules/@eggjs/router/lib/utils.js:12:21)
    at wrappedController (/Users/hy/demo-vue/node_modules/@eggjs/router/lib/egg_router.js:322:18)
    at dispatch (/Users/hy/demo-vue/node_modules/koa-compose/index.js:44:32)
    at next (/Users/hy/demo-vue/node_modules/koa-compose/index.js:45:18)
    at /Users/hy/demo-vue/node_modules/@eggjs/router/lib/router.js:190:18
    at dispatch (/Users/hy/demo-vue/node_modules/koa-compose/index.js:44:32)
    at /Users/hy/demo-vue/node_modules/koa-compose/index.js:36:12
    at dispatch (/Users/hy/demo-vue/node_modules/@eggjs/router/lib/router.js:195:33)
    at dispatch (/Users/hy/demo-vue/node_modules/koa/node_modules/koa-compose/index.js:42:32)
    at /Users/hy/demo-vue/node_modules/egg-development/app/middleware/egg_loader_trace.js:9:56
    at dispatch (/Users/hy/demo-vue/node_modules/koa/node_modules/koa-compose/index.js:42:32)
    at i18n (/Users/hy/demo-vue/node_modules/egg-i18n/app/middleware/i18n.js:13:12)
    at dispatch (/Users/hy/demo-vue/node_modules/koa/node_modules/koa-compose/index.js:42:32)

pid: 50818
hostname: hydeiMac.local

2019-11-22 18:40:11,508 ERROR 50818 nodejs.unhandledRejectionError: Content placeholder not found in template.
    at parseTemplate (/Users/hy/demo-vue/node_modules/vue-server-renderer/build.dev.js:8773:11)
    at new TemplateRenderer (/Users/hy/demo-vue/node_modules/vue-server-renderer/build.dev.js:8866:9)
    at createRenderer (/Users/hy/demo-vue/node_modules/vue-server-renderer/build.dev.js:9131:26)
    at createRenderer$1 (/Users/hy/demo-vue/node_modules/vue-server-renderer/build.dev.js:9589:10)
    at createBundleRenderer (/Users/hy/demo-vue/node_modules/vue-server-renderer/build.dev.js:9506:20)
    at handleDevSSR (/Users/hy/demo-vue/app.js:37:20)
    at process._tickCallback (internal/process/next_tick.js:68:7)
name: "unhandledRejectionError"
pid: 50818
hostname: hydeiMac.local

2019-11-22 18:40:12,536 ERROR 50818 [-/127.0.0.1/-/0ms GET /app] nodejs.TypeError: renderer is not a function
    at HomeController.index (/Users/hy/demo-vue/app/controller/home.js:11:31)
    at Object.callFn (/Users/hy/demo-vue/node_modules/egg-core/lib/utils/index.js:44:21)
    at Object.classControllerMiddleware (/Users/hy/demo-vue/node_modules/egg-core/lib/loader/mixin/controller.js:87:20)
    at Object.callFn (/Users/hy/demo-vue/node_modules/@eggjs/router/lib/utils.js:12:21)
    at wrappedController (/Users/hy/demo-vue/node_modules/@eggjs/router/lib/egg_router.js:322:18)
    at dispatch (/Users/hy/demo-vue/node_modules/koa-compose/index.js:44:32)
    at next (/Users/hy/demo-vue/node_modules/koa-compose/index.js:45:18)
    at /Users/hy/demo-vue/node_modules/@eggjs/router/lib/router.js:190:18
    at dispatch (/Users/hy/demo-vue/node_modules/koa-compose/index.js:44:32)
    at /Users/hy/demo-vue/node_modules/koa-compose/index.js:36:12
    at dispatch (/Users/hy/demo-vue/node_modules/@eggjs/router/lib/router.js:195:33)
    at dispatch (/Users/hy/demo-vue/node_modules/koa/node_modules/koa-compose/index.js:42:32)
    at /Users/hy/demo-vue/node_modules/egg-development/app/middleware/egg_loader_trace.js:9:56
    at dispatch (/Users/hy/demo-vue/node_modules/koa/node_modules/koa-compose/index.js:42:32)
    at i18n (/Users/hy/demo-vue/node_modules/egg-i18n/app/middleware/i18n.js:13:12)
    at dispatch (/Users/hy/demo-vue/node_modules/koa/node_modules/koa-compose/index.js:42:32)

pid: 50818
hostname: hydeiMac.local

2019-11-22 18:40:13,470 ERROR 50818 [-/127.0.0.1/-/1ms GET /app] nodejs.TypeError: renderer is not a function
    at HomeController.index (/Users/hy/demo-vue/app/controller/home.js:11:31)
    at Object.callFn (/Users/hy/demo-vue/node_modules/egg-core/lib/utils/index.js:44:21)
    at Object.classControllerMiddleware (/Users/hy/demo-vue/node_modules/egg-core/lib/loader/mixin/controller.js:87:20)
    at Object.callFn (/Users/hy/demo-vue/node_modules/@eggjs/router/lib/utils.js:12:21)
    at wrappedController (/Users/hy/demo-vue/node_modules/@eggjs/router/lib/egg_router.js:322:18)
    at dispatch (/Users/hy/demo-vue/node_modules/koa-compose/index.js:44:32)
    at next (/Users/hy/demo-vue/node_modules/koa-compose/index.js:45:18)
    at /Users/hy/demo-vue/node_modules/@eggjs/router/lib/router.js:190:18
    at dispatch (/Users/hy/demo-vue/node_modules/koa-compose/index.js:44:32)
    at /Users/hy/demo-vue/node_modules/koa-compose/index.js:36:12
    at dispatch (/Users/hy/demo-vue/node_modules/@eggjs/router/lib/router.js:195:33)
    at dispatch (/Users/hy/demo-vue/node_modules/koa/node_modules/koa-compose/index.js:42:32)
    at /Users/hy/demo-vue/node_modules/egg-development/app/middleware/egg_loader_trace.js:9:56
    at dispatch (/Users/hy/demo-vue/node_modules/koa/node_modules/koa-compose/index.js:42:32)
    at i18n (/Users/hy/demo-vue/node_modules/egg-i18n/app/middleware/i18n.js:13:12)
    at dispatch (/Users/hy/demo-vue/node_modules/koa/node_modules/koa-compose/index.js:42:32)

pid: 50818
hostname: hydeiMac.local

2019-11-22 18:40:14,133 ERROR 50818 [-/127.0.0.1/-/1ms GET /app] nodejs.TypeError: renderer is not a function
    at HomeController.index (/Users/hy/demo-vue/app/controller/home.js:11:31)
    at Object.callFn (/Users/hy/demo-vue/node_modules/egg-core/lib/utils/index.js:44:21)
    at Object.classControllerMiddleware (/Users/hy/demo-vue/node_modules/egg-core/lib/loader/mixin/controller.js:87:20)
    at Object.callFn (/Users/hy/demo-vue/node_modules/@eggjs/router/lib/utils.js:12:21)
    at wrappedController (/Users/hy/demo-vue/node_modules/@eggjs/router/lib/egg_router.js:322:18)
    at dispatch (/Users/hy/demo-vue/node_modules/koa-compose/index.js:44:32)
    at next (/Users/hy/demo-vue/node_modules/koa-compose/index.js:45:18)
    at /Users/hy/demo-vue/node_modules/@eggjs/router/lib/router.js:190:18
    at dispatch (/Users/hy/demo-vue/node_modules/koa-compose/index.js:44:32)
    at /Users/hy/demo-vue/node_modules/koa-compose/index.js:36:12
    at dispatch (/Users/hy/demo-vue/node_modules/@eggjs/router/lib/router.js:195:33)
    at dispatch (/Users/hy/demo-vue/node_modules/koa/node_modules/koa-compose/index.js:42:32)
    at /Users/hy/demo-vue/node_modules/egg-development/app/middleware/egg_loader_trace.js:9:56
    at dispatch (/Users/hy/demo-vue/node_modules/koa/node_modules/koa-compose/index.js:42:32)
    at i18n (/Users/hy/demo-vue/node_modules/egg-i18n/app/middleware/i18n.js:13:12)
    at dispatch (/Users/hy/demo-vue/node_modules/koa/node_modules/koa-compose/index.js:42:32)

pid: 50818
hostname: hydeiMac.local

2019-11-22 18:40:14,740 ERROR 50818 [-/127.0.0.1/-/1ms GET /app] nodejs.TypeError: renderer is not a function
    at HomeController.index (/Users/hy/demo-vue/app/controller/home.js:11:31)
    at Object.callFn (/Users/hy/demo-vue/node_modules/egg-core/lib/utils/index.js:44:21)
    at Object.classControllerMiddleware (/Users/hy/demo-vue/node_modules/egg-core/lib/loader/mixin/controller.js:87:20)
    at Object.callFn (/Users/hy/demo-vue/node_modules/@eggjs/router/lib/utils.js:12:21)
    at wrappedController (/Users/hy/demo-vue/node_modules/@eggjs/router/lib/egg_router.js:322:18)
    at dispatch (/Users/hy/demo-vue/node_modules/koa-compose/index.js:44:32)
    at next (/Users/hy/demo-vue/node_modules/koa-compose/index.js:45:18)
    at /Users/hy/demo-vue/node_modules/@eggjs/router/lib/router.js:190:18
    at dispatch (/Users/hy/demo-vue/node_modules/koa-compose/index.js:44:32)
    at /Users/hy/demo-vue/node_modules/koa-compose/index.js:36:12
    at dispatch (/Users/hy/demo-vue/node_modules/@eggjs/router/lib/router.js:195:33)
    at dispatch (/Users/hy/demo-vue/node_modules/koa/node_modules/koa-compose/index.js:42:32)
    at /Users/hy/demo-vue/node_modules/egg-development/app/middleware/egg_loader_trace.js:9:56
    at dispatch (/Users/hy/demo-vue/node_modules/koa/node_modules/koa-compose/index.js:42:32)
    at i18n (/Users/hy/demo-vue/node_modules/egg-i18n/app/middleware/i18n.js:13:12)
    at dispatch (/Users/hy/demo-vue/node_modules/koa/node_modules/koa-compose/index.js:42:32)

pid: 50818
hostname: hydeiMac.local

2019-11-22 18:40:14,978 ERROR 50818 [-/127.0.0.1/-/1ms GET /app] nodejs.TypeError: renderer is not a function
    at HomeController.index (/Users/hy/demo-vue/app/controller/home.js:11:31)
    at Object.callFn (/Users/hy/demo-vue/node_modules/egg-core/lib/utils/index.js:44:21)
    at Object.classControllerMiddleware (/Users/hy/demo-vue/node_modules/egg-core/lib/loader/mixin/controller.js:87:20)
    at Object.callFn (/Users/hy/demo-vue/node_modules/@eggjs/router/lib/utils.js:12:21)
    at wrappedController (/Users/hy/demo-vue/node_modules/@eggjs/router/lib/egg_router.js:322:18)
    at dispatch (/Users/hy/demo-vue/node_modules/koa-compose/index.js:44:32)
    at next (/Users/hy/demo-vue/node_modules/koa-compose/index.js:45:18)
    at /Users/hy/demo-vue/node_modules/@eggjs/router/lib/router.js:190:18
    at dispatch (/Users/hy/demo-vue/node_modules/koa-compose/index.js:44:32)
    at /Users/hy/demo-vue/node_modules/koa-compose/index.js:36:12
    at dispatch (/Users/hy/demo-vue/node_modules/@eggjs/router/lib/router.js:195:33)
    at dispatch (/Users/hy/demo-vue/node_modules/koa/node_modules/koa-compose/index.js:42:32)
    at /Users/hy/demo-vue/node_modules/egg-development/app/middleware/egg_loader_trace.js:9:56
    at dispatch (/Users/hy/demo-vue/node_modules/koa/node_modules/koa-compose/index.js:42:32)
    at i18n (/Users/hy/demo-vue/node_modules/egg-i18n/app/middleware/i18n.js:13:12)
    at dispatch (/Users/hy/demo-vue/node_modules/koa/node_modules/koa-compose/index.js:42:32)

pid: 50818
hostname: hydeiMac.local

2019-11-22 18:40:19,792 ERROR 50818 [-/127.0.0.1/-/1ms GET /app] nodejs.TypeError: renderer is not a function
    at HomeController.index (/Users/hy/demo-vue/app/controller/home.js:11:31)
    at Object.callFn (/Users/hy/demo-vue/node_modules/egg-core/lib/utils/index.js:44:21)
    at Object.classControllerMiddleware (/Users/hy/demo-vue/node_modules/egg-core/lib/loader/mixin/controller.js:87:20)
    at Object.callFn (/Users/hy/demo-vue/node_modules/@eggjs/router/lib/utils.js:12:21)
    at wrappedController (/Users/hy/demo-vue/node_modules/@eggjs/router/lib/egg_router.js:322:18)
    at dispatch (/Users/hy/demo-vue/node_modules/koa-compose/index.js:44:32)
    at next (/Users/hy/demo-vue/node_modules/koa-compose/index.js:45:18)
    at /Users/hy/demo-vue/node_modules/@eggjs/router/lib/router.js:190:18
    at dispatch (/Users/hy/demo-vue/node_modules/koa-compose/index.js:44:32)
    at /Users/hy/demo-vue/node_modules/koa-compose/index.js:36:12
    at dispatch (/Users/hy/demo-vue/node_modules/@eggjs/router/lib/router.js:195:33)
    at dispatch (/Users/hy/demo-vue/node_modules/koa/node_modules/koa-compose/index.js:42:32)
    at /Users/hy/demo-vue/node_modules/egg-development/app/middleware/egg_loader_trace.js:9:56
    at dispatch (/Users/hy/demo-vue/node_modules/koa/node_modules/koa-compose/index.js:42:32)
    at i18n (/Users/hy/demo-vue/node_modules/egg-i18n/app/middleware/i18n.js:13:12)
    at dispatch (/Users/hy/demo-vue/node_modules/koa/node_modules/koa-compose/index.js:42:32)

pid: 50818
hostname: hydeiMac.local

2019-11-22 18:40:22,068 ERROR 50818 [-/127.0.0.1/-/1ms GET /app] nodejs.TypeError: renderer is not a function
    at HomeController.index (/Users/hy/demo-vue/app/controller/home.js:11:31)
    at Object.callFn (/Users/hy/demo-vue/node_modules/egg-core/lib/utils/index.js:44:21)
    at Object.classControllerMiddleware (/Users/hy/demo-vue/node_modules/egg-core/lib/loader/mixin/controller.js:87:20)
    at Object.callFn (/Users/hy/demo-vue/node_modules/@eggjs/router/lib/utils.js:12:21)
    at wrappedController (/Users/hy/demo-vue/node_modules/@eggjs/router/lib/egg_router.js:322:18)
    at dispatch (/Users/hy/demo-vue/node_modules/koa-compose/index.js:44:32)
    at next (/Users/hy/demo-vue/node_modules/koa-compose/index.js:45:18)
    at /Users/hy/demo-vue/node_modules/@eggjs/router/lib/router.js:190:18
    at dispatch (/Users/hy/demo-vue/node_modules/koa-compose/index.js:44:32)
    at /Users/hy/demo-vue/node_modules/koa-compose/index.js:36:12
    at dispatch (/Users/hy/demo-vue/node_modules/@eggjs/router/lib/router.js:195:33)
    at dispatch (/Users/hy/demo-vue/node_modules/koa/node_modules/koa-compose/index.js:42:32)
    at /Users/hy/demo-vue/node_modules/egg-development/app/middleware/egg_loader_trace.js:9:56
    at dispatch (/Users/hy/demo-vue/node_modules/koa/node_modules/koa-compose/index.js:42:32)
    at i18n (/Users/hy/demo-vue/node_modules/egg-i18n/app/middleware/i18n.js:13:12)
    at dispatch (/Users/hy/demo-vue/node_modules/koa/node_modules/koa-compose/index.js:42:32)

pid: 50818
hostname: hydeiMac.local

2019-11-22 18:41:56,560 ERROR 50854 [-/127.0.0.1/-/7ms GET /app] nodejs.TypeError: renderer is not a function
    at HomeController.index (/Users/hy/demo-vue/app/controller/home.js:11:31)
    at Object.callFn (/Users/hy/demo-vue/node_modules/egg-core/lib/utils/index.js:44:21)
    at Object.classControllerMiddleware (/Users/hy/demo-vue/node_modules/egg-core/lib/loader/mixin/controller.js:87:20)
    at Object.callFn (/Users/hy/demo-vue/node_modules/@eggjs/router/lib/utils.js:12:21)
    at wrappedController (/Users/hy/demo-vue/node_modules/@eggjs/router/lib/egg_router.js:322:18)
    at dispatch (/Users/hy/demo-vue/node_modules/koa-compose/index.js:44:32)
    at next (/Users/hy/demo-vue/node_modules/koa-compose/index.js:45:18)
    at /Users/hy/demo-vue/node_modules/@eggjs/router/lib/router.js:190:18
    at dispatch (/Users/hy/demo-vue/node_modules/koa-compose/index.js:44:32)
    at /Users/hy/demo-vue/node_modules/koa-compose/index.js:36:12
    at dispatch (/Users/hy/demo-vue/node_modules/@eggjs/router/lib/router.js:195:33)
    at dispatch (/Users/hy/demo-vue/node_modules/koa/node_modules/koa-compose/index.js:42:32)
    at /Users/hy/demo-vue/node_modules/egg-development/app/middleware/egg_loader_trace.js:9:56
    at dispatch (/Users/hy/demo-vue/node_modules/koa/node_modules/koa-compose/index.js:42:32)
    at i18n (/Users/hy/demo-vue/node_modules/egg-i18n/app/middleware/i18n.js:13:12)
    at dispatch (/Users/hy/demo-vue/node_modules/koa/node_modules/koa-compose/index.js:42:32)

pid: 50854
hostname: hydeiMac.local

2019-11-22 18:41:59,126 ERROR 50854 [-/127.0.0.1/-/1ms GET /app] nodejs.TypeError: renderer is not a function
    at HomeController.index (/Users/hy/demo-vue/app/controller/home.js:11:31)
    at Object.callFn (/Users/hy/demo-vue/node_modules/egg-core/lib/utils/index.js:44:21)
    at Object.classControllerMiddleware (/Users/hy/demo-vue/node_modules/egg-core/lib/loader/mixin/controller.js:87:20)
    at Object.callFn (/Users/hy/demo-vue/node_modules/@eggjs/router/lib/utils.js:12:21)
    at wrappedController (/Users/hy/demo-vue/node_modules/@eggjs/router/lib/egg_router.js:322:18)
    at dispatch (/Users/hy/demo-vue/node_modules/koa-compose/index.js:44:32)
    at next (/Users/hy/demo-vue/node_modules/koa-compose/index.js:45:18)
    at /Users/hy/demo-vue/node_modules/@eggjs/router/lib/router.js:190:18
    at dispatch (/Users/hy/demo-vue/node_modules/koa-compose/index.js:44:32)
    at /Users/hy/demo-vue/node_modules/koa-compose/index.js:36:12
    at dispatch (/Users/hy/demo-vue/node_modules/@eggjs/router/lib/router.js:195:33)
    at dispatch (/Users/hy/demo-vue/node_modules/koa/node_modules/koa-compose/index.js:42:32)
    at /Users/hy/demo-vue/node_modules/egg-development/app/middleware/egg_loader_trace.js:9:56
    at dispatch (/Users/hy/demo-vue/node_modules/koa/node_modules/koa-compose/index.js:42:32)
    at i18n (/Users/hy/demo-vue/node_modules/egg-i18n/app/middleware/i18n.js:13:12)
    at dispatch (/Users/hy/demo-vue/node_modules/koa/node_modules/koa-compose/index.js:42:32)

pid: 50854
hostname: hydeiMac.local

2019-11-22 18:42:00,615 ERROR 50854 nodejs.unhandledRejectionError: Content placeholder not found in template.
    at parseTemplate (/Users/hy/demo-vue/node_modules/vue-server-renderer/build.dev.js:8773:11)
    at new TemplateRenderer (/Users/hy/demo-vue/node_modules/vue-server-renderer/build.dev.js:8866:9)
    at createRenderer (/Users/hy/demo-vue/node_modules/vue-server-renderer/build.dev.js:9131:26)
    at createRenderer$1 (/Users/hy/demo-vue/node_modules/vue-server-renderer/build.dev.js:9589:10)
    at createBundleRenderer (/Users/hy/demo-vue/node_modules/vue-server-renderer/build.dev.js:9506:20)
    at handleDevSSR (/Users/hy/demo-vue/app.js:37:20)
    at process._tickCallback (internal/process/next_tick.js:68:7)
name: "unhandledRejectionError"
pid: 50854
hostname: hydeiMac.local

2019-11-22 18:42:05,138 ERROR 50854 [-/127.0.0.1/-/0ms GET /app] nodejs.TypeError: renderer is not a function
    at HomeController.index (/Users/hy/demo-vue/app/controller/home.js:11:31)
    at Object.callFn (/Users/hy/demo-vue/node_modules/egg-core/lib/utils/index.js:44:21)
    at Object.classControllerMiddleware (/Users/hy/demo-vue/node_modules/egg-core/lib/loader/mixin/controller.js:87:20)
    at Object.callFn (/Users/hy/demo-vue/node_modules/@eggjs/router/lib/utils.js:12:21)
    at wrappedController (/Users/hy/demo-vue/node_modules/@eggjs/router/lib/egg_router.js:322:18)
    at dispatch (/Users/hy/demo-vue/node_modules/koa-compose/index.js:44:32)
    at next (/Users/hy/demo-vue/node_modules/koa-compose/index.js:45:18)
    at /Users/hy/demo-vue/node_modules/@eggjs/router/lib/router.js:190:18
    at dispatch (/Users/hy/demo-vue/node_modules/koa-compose/index.js:44:32)
    at /Users/hy/demo-vue/node_modules/koa-compose/index.js:36:12
    at dispatch (/Users/hy/demo-vue/node_modules/@eggjs/router/lib/router.js:195:33)
    at dispatch (/Users/hy/demo-vue/node_modules/koa/node_modules/koa-compose/index.js:42:32)
    at /Users/hy/demo-vue/node_modules/egg-development/app/middleware/egg_loader_trace.js:9:56
    at dispatch (/Users/hy/demo-vue/node_modules/koa/node_modules/koa-compose/index.js:42:32)
    at i18n (/Users/hy/demo-vue/node_modules/egg-i18n/app/middleware/i18n.js:13:12)
    at dispatch (/Users/hy/demo-vue/node_modules/koa/node_modules/koa-compose/index.js:42:32)

pid: 50854
hostname: hydeiMac.local

2019-11-22 18:42:06,038 ERROR 50854 [-/127.0.0.1/-/1ms GET /app] nodejs.TypeError: renderer is not a function
    at HomeController.index (/Users/hy/demo-vue/app/controller/home.js:11:31)
    at Object.callFn (/Users/hy/demo-vue/node_modules/egg-core/lib/utils/index.js:44:21)
    at Object.classControllerMiddleware (/Users/hy/demo-vue/node_modules/egg-core/lib/loader/mixin/controller.js:87:20)
    at Object.callFn (/Users/hy/demo-vue/node_modules/@eggjs/router/lib/utils.js:12:21)
    at wrappedController (/Users/hy/demo-vue/node_modules/@eggjs/router/lib/egg_router.js:322:18)
    at dispatch (/Users/hy/demo-vue/node_modules/koa-compose/index.js:44:32)
    at next (/Users/hy/demo-vue/node_modules/koa-compose/index.js:45:18)
    at /Users/hy/demo-vue/node_modules/@eggjs/router/lib/router.js:190:18
    at dispatch (/Users/hy/demo-vue/node_modules/koa-compose/index.js:44:32)
    at /Users/hy/demo-vue/node_modules/koa-compose/index.js:36:12
    at dispatch (/Users/hy/demo-vue/node_modules/@eggjs/router/lib/router.js:195:33)
    at dispatch (/Users/hy/demo-vue/node_modules/koa/node_modules/koa-compose/index.js:42:32)
    at /Users/hy/demo-vue/node_modules/egg-development/app/middleware/egg_loader_trace.js:9:56
    at dispatch (/Users/hy/demo-vue/node_modules/koa/node_modules/koa-compose/index.js:42:32)
    at i18n (/Users/hy/demo-vue/node_modules/egg-i18n/app/middleware/i18n.js:13:12)
    at dispatch (/Users/hy/demo-vue/node_modules/koa/node_modules/koa-compose/index.js:42:32)

pid: 50854
hostname: hydeiMac.local

2019-11-22 18:42:08,536 ERROR 50854 [-/127.0.0.1/-/1ms GET /app] nodejs.TypeError: renderer is not a function
    at HomeController.index (/Users/hy/demo-vue/app/controller/home.js:11:31)
    at Object.callFn (/Users/hy/demo-vue/node_modules/egg-core/lib/utils/index.js:44:21)
    at Object.classControllerMiddleware (/Users/hy/demo-vue/node_modules/egg-core/lib/loader/mixin/controller.js:87:20)
    at Object.callFn (/Users/hy/demo-vue/node_modules/@eggjs/router/lib/utils.js:12:21)
    at wrappedController (/Users/hy/demo-vue/node_modules/@eggjs/router/lib/egg_router.js:322:18)
    at dispatch (/Users/hy/demo-vue/node_modules/koa-compose/index.js:44:32)
    at next (/Users/hy/demo-vue/node_modules/koa-compose/index.js:45:18)
    at /Users/hy/demo-vue/node_modules/@eggjs/router/lib/router.js:190:18
    at dispatch (/Users/hy/demo-vue/node_modules/koa-compose/index.js:44:32)
    at /Users/hy/demo-vue/node_modules/koa-compose/index.js:36:12
    at dispatch (/Users/hy/demo-vue/node_modules/@eggjs/router/lib/router.js:195:33)
    at dispatch (/Users/hy/demo-vue/node_modules/koa/node_modules/koa-compose/index.js:42:32)
    at /Users/hy/demo-vue/node_modules/egg-development/app/middleware/egg_loader_trace.js:9:56
    at dispatch (/Users/hy/demo-vue/node_modules/koa/node_modules/koa-compose/index.js:42:32)
    at i18n (/Users/hy/demo-vue/node_modules/egg-i18n/app/middleware/i18n.js:13:12)
    at dispatch (/Users/hy/demo-vue/node_modules/koa/node_modules/koa-compose/index.js:42:32)

pid: 50854
hostname: hydeiMac.local

2019-11-22 18:42:10,313 ERROR 50854 [-/127.0.0.1/-/1ms GET /app] nodejs.TypeError: renderer is not a function
    at HomeController.index (/Users/hy/demo-vue/app/controller/home.js:11:31)
    at Object.callFn (/Users/hy/demo-vue/node_modules/egg-core/lib/utils/index.js:44:21)
    at Object.classControllerMiddleware (/Users/hy/demo-vue/node_modules/egg-core/lib/loader/mixin/controller.js:87:20)
    at Object.callFn (/Users/hy/demo-vue/node_modules/@eggjs/router/lib/utils.js:12:21)
    at wrappedController (/Users/hy/demo-vue/node_modules/@eggjs/router/lib/egg_router.js:322:18)
    at dispatch (/Users/hy/demo-vue/node_modules/koa-compose/index.js:44:32)
    at next (/Users/hy/demo-vue/node_modules/koa-compose/index.js:45:18)
    at /Users/hy/demo-vue/node_modules/@eggjs/router/lib/router.js:190:18
    at dispatch (/Users/hy/demo-vue/node_modules/koa-compose/index.js:44:32)
    at /Users/hy/demo-vue/node_modules/koa-compose/index.js:36:12
    at dispatch (/Users/hy/demo-vue/node_modules/@eggjs/router/lib/router.js:195:33)
    at dispatch (/Users/hy/demo-vue/node_modules/koa/node_modules/koa-compose/index.js:42:32)
    at /Users/hy/demo-vue/node_modules/egg-development/app/middleware/egg_loader_trace.js:9:56
    at dispatch (/Users/hy/demo-vue/node_modules/koa/node_modules/koa-compose/index.js:42:32)
    at i18n (/Users/hy/demo-vue/node_modules/egg-i18n/app/middleware/i18n.js:13:12)
    at dispatch (/Users/hy/demo-vue/node_modules/koa/node_modules/koa-compose/index.js:42:32)

pid: 50854
hostname: hydeiMac.local

2019-11-22 18:42:11,079 ERROR 50854 [-/127.0.0.1/-/0ms GET /app] nodejs.TypeError: renderer is not a function
    at HomeController.index (/Users/hy/demo-vue/app/controller/home.js:11:31)
    at Object.callFn (/Users/hy/demo-vue/node_modules/egg-core/lib/utils/index.js:44:21)
    at Object.classControllerMiddleware (/Users/hy/demo-vue/node_modules/egg-core/lib/loader/mixin/controller.js:87:20)
    at Object.callFn (/Users/hy/demo-vue/node_modules/@eggjs/router/lib/utils.js:12:21)
    at wrappedController (/Users/hy/demo-vue/node_modules/@eggjs/router/lib/egg_router.js:322:18)
    at dispatch (/Users/hy/demo-vue/node_modules/koa-compose/index.js:44:32)
    at next (/Users/hy/demo-vue/node_modules/koa-compose/index.js:45:18)
    at /Users/hy/demo-vue/node_modules/@eggjs/router/lib/router.js:190:18
    at dispatch (/Users/hy/demo-vue/node_modules/koa-compose/index.js:44:32)
    at /Users/hy/demo-vue/node_modules/koa-compose/index.js:36:12
    at dispatch (/Users/hy/demo-vue/node_modules/@eggjs/router/lib/router.js:195:33)
    at dispatch (/Users/hy/demo-vue/node_modules/koa/node_modules/koa-compose/index.js:42:32)
    at /Users/hy/demo-vue/node_modules/egg-development/app/middleware/egg_loader_trace.js:9:56
    at dispatch (/Users/hy/demo-vue/node_modules/koa/node_modules/koa-compose/index.js:42:32)
    at i18n (/Users/hy/demo-vue/node_modules/egg-i18n/app/middleware/i18n.js:13:12)
    at dispatch (/Users/hy/demo-vue/node_modules/koa/node_modules/koa-compose/index.js:42:32)

pid: 50854
hostname: hydeiMac.local

2019-11-22 18:42:11,854 ERROR 50854 [-/127.0.0.1/-/0ms GET /app] nodejs.TypeError: renderer is not a function
    at HomeController.index (/Users/hy/demo-vue/app/controller/home.js:11:31)
    at Object.callFn (/Users/hy/demo-vue/node_modules/egg-core/lib/utils/index.js:44:21)
    at Object.classControllerMiddleware (/Users/hy/demo-vue/node_modules/egg-core/lib/loader/mixin/controller.js:87:20)
    at Object.callFn (/Users/hy/demo-vue/node_modules/@eggjs/router/lib/utils.js:12:21)
    at wrappedController (/Users/hy/demo-vue/node_modules/@eggjs/router/lib/egg_router.js:322:18)
    at dispatch (/Users/hy/demo-vue/node_modules/koa-compose/index.js:44:32)
    at next (/Users/hy/demo-vue/node_modules/koa-compose/index.js:45:18)
    at /Users/hy/demo-vue/node_modules/@eggjs/router/lib/router.js:190:18
    at dispatch (/Users/hy/demo-vue/node_modules/koa-compose/index.js:44:32)
    at /Users/hy/demo-vue/node_modules/koa-compose/index.js:36:12
    at dispatch (/Users/hy/demo-vue/node_modules/@eggjs/router/lib/router.js:195:33)
    at dispatch (/Users/hy/demo-vue/node_modules/koa/node_modules/koa-compose/index.js:42:32)
    at /Users/hy/demo-vue/node_modules/egg-development/app/middleware/egg_loader_trace.js:9:56
    at dispatch (/Users/hy/demo-vue/node_modules/koa/node_modules/koa-compose/index.js:42:32)
    at i18n (/Users/hy/demo-vue/node_modules/egg-i18n/app/middleware/i18n.js:13:12)
    at dispatch (/Users/hy/demo-vue/node_modules/koa/node_modules/koa-compose/index.js:42:32)

pid: 50854
hostname: hydeiMac.local

2019-11-22 18:42:12,214 ERROR 50854 [-/127.0.0.1/-/1ms GET /app] nodejs.TypeError: renderer is not a function
    at HomeController.index (/Users/hy/demo-vue/app/controller/home.js:11:31)
    at Object.callFn (/Users/hy/demo-vue/node_modules/egg-core/lib/utils/index.js:44:21)
    at Object.classControllerMiddleware (/Users/hy/demo-vue/node_modules/egg-core/lib/loader/mixin/controller.js:87:20)
    at Object.callFn (/Users/hy/demo-vue/node_modules/@eggjs/router/lib/utils.js:12:21)
    at wrappedController (/Users/hy/demo-vue/node_modules/@eggjs/router/lib/egg_router.js:322:18)
    at dispatch (/Users/hy/demo-vue/node_modules/koa-compose/index.js:44:32)
    at next (/Users/hy/demo-vue/node_modules/koa-compose/index.js:45:18)
    at /Users/hy/demo-vue/node_modules/@eggjs/router/lib/router.js:190:18
    at dispatch (/Users/hy/demo-vue/node_modules/koa-compose/index.js:44:32)
    at /Users/hy/demo-vue/node_modules/koa-compose/index.js:36:12
    at dispatch (/Users/hy/demo-vue/node_modules/@eggjs/router/lib/router.js:195:33)
    at dispatch (/Users/hy/demo-vue/node_modules/koa/node_modules/koa-compose/index.js:42:32)
    at /Users/hy/demo-vue/node_modules/egg-development/app/middleware/egg_loader_trace.js:9:56
    at dispatch (/Users/hy/demo-vue/node_modules/koa/node_modules/koa-compose/index.js:42:32)
    at i18n (/Users/hy/demo-vue/node_modules/egg-i18n/app/middleware/i18n.js:13:12)
    at dispatch (/Users/hy/demo-vue/node_modules/koa/node_modules/koa-compose/index.js:42:32)

pid: 50854
hostname: hydeiMac.local

2019-11-22 18:42:15,137 ERROR 50854 [-/127.0.0.1/-/1ms GET /app] nodejs.TypeError: renderer is not a function
    at HomeController.index (/Users/hy/demo-vue/app/controller/home.js:11:31)
    at Object.callFn (/Users/hy/demo-vue/node_modules/egg-core/lib/utils/index.js:44:21)
    at Object.classControllerMiddleware (/Users/hy/demo-vue/node_modules/egg-core/lib/loader/mixin/controller.js:87:20)
    at Object.callFn (/Users/hy/demo-vue/node_modules/@eggjs/router/lib/utils.js:12:21)
    at wrappedController (/Users/hy/demo-vue/node_modules/@eggjs/router/lib/egg_router.js:322:18)
    at dispatch (/Users/hy/demo-vue/node_modules/koa-compose/index.js:44:32)
    at next (/Users/hy/demo-vue/node_modules/koa-compose/index.js:45:18)
    at /Users/hy/demo-vue/node_modules/@eggjs/router/lib/router.js:190:18
    at dispatch (/Users/hy/demo-vue/node_modules/koa-compose/index.js:44:32)
    at /Users/hy/demo-vue/node_modules/koa-compose/index.js:36:12
    at dispatch (/Users/hy/demo-vue/node_modules/@eggjs/router/lib/router.js:195:33)
    at dispatch (/Users/hy/demo-vue/node_modules/koa/node_modules/koa-compose/index.js:42:32)
    at /Users/hy/demo-vue/node_modules/egg-development/app/middleware/egg_loader_trace.js:9:56
    at dispatch (/Users/hy/demo-vue/node_modules/koa/node_modules/koa-compose/index.js:42:32)
    at i18n (/Users/hy/demo-vue/node_modules/egg-i18n/app/middleware/i18n.js:13:12)
    at dispatch (/Users/hy/demo-vue/node_modules/koa/node_modules/koa-compose/index.js:42:32)

pid: 50854
hostname: hydeiMac.local

2019-11-22 18:42:55,758 ERROR 50893 nodejs.unhandledRejectionError: Content placeholder not found in template.
    at parseTemplate (/Users/hy/demo-vue/node_modules/vue-server-renderer/build.dev.js:8773:11)
    at new TemplateRenderer (/Users/hy/demo-vue/node_modules/vue-server-renderer/build.dev.js:8866:9)
    at createRenderer (/Users/hy/demo-vue/node_modules/vue-server-renderer/build.dev.js:9131:26)
    at createRenderer$1 (/Users/hy/demo-vue/node_modules/vue-server-renderer/build.dev.js:9589:10)
    at createBundleRenderer (/Users/hy/demo-vue/node_modules/vue-server-renderer/build.dev.js:9506:20)
    at handleDevSSR (/Users/hy/demo-vue/app.js:37:20)
    at process._tickCallback (internal/process/next_tick.js:68:7)
name: "unhandledRejectionError"
pid: 50893
hostname: hydeiMac.local

2019-11-22 18:47:28,066 ERROR 50944 [-/127.0.0.1/-/10ms GET /app] nodejs.TypeError: renderer is not a function
    at HomeController.index (/Users/hy/demo-vue/app/controller/home.js:11:31)
    at Object.callFn (/Users/hy/demo-vue/node_modules/egg-core/lib/utils/index.js:44:21)
    at Object.classControllerMiddleware (/Users/hy/demo-vue/node_modules/egg-core/lib/loader/mixin/controller.js:87:20)
    at Object.callFn (/Users/hy/demo-vue/node_modules/@eggjs/router/lib/utils.js:12:21)
    at wrappedController (/Users/hy/demo-vue/node_modules/@eggjs/router/lib/egg_router.js:322:18)
    at dispatch (/Users/hy/demo-vue/node_modules/koa-compose/index.js:44:32)
    at next (/Users/hy/demo-vue/node_modules/koa-compose/index.js:45:18)
    at /Users/hy/demo-vue/node_modules/@eggjs/router/lib/router.js:190:18
    at dispatch (/Users/hy/demo-vue/node_modules/koa-compose/index.js:44:32)
    at /Users/hy/demo-vue/node_modules/koa-compose/index.js:36:12

pid: 50944
hostname: hydeiMac.local

2019-11-22 18:48:21,182 ERROR 50959 nodejs.unhandledRejectionError: Content placeholder not found in template.
    at parseTemplate (/Users/hy/demo-vue/node_modules/vue-server-renderer/build.dev.js:8773:11)
    at new TemplateRenderer (/Users/hy/demo-vue/node_modules/vue-server-renderer/build.dev.js:8866:9)
    at createRenderer (/Users/hy/demo-vue/node_modules/vue-server-renderer/build.dev.js:9131:26)
    at createRenderer$1 (/Users/hy/demo-vue/node_modules/vue-server-renderer/build.dev.js:9589:10)
    at createBundleRenderer (/Users/hy/demo-vue/node_modules/vue-server-renderer/build.dev.js:9506:20)
    at handleDevSSR (/Users/hy/demo-vue/app.js:37:20)
    at process._tickCallback (internal/process/next_tick.js:68:7)
name: "unhandledRejectionError"
pid: 50959
hostname: hydeiMac.local

2019-11-22 18:49:41,638 ERROR 51001 nodejs.unhandledRejectionError: Content placeholder not found in template.
    at parseTemplate (/Users/hy/demo-vue/node_modules/vue-server-renderer/build.dev.js:8773:11)
    at new TemplateRenderer (/Users/hy/demo-vue/node_modules/vue-server-renderer/build.dev.js:8866:9)
    at createRenderer (/Users/hy/demo-vue/node_modules/vue-server-renderer/build.dev.js:9131:26)
    at createRenderer$1 (/Users/hy/demo-vue/node_modules/vue-server-renderer/build.dev.js:9589:10)
    at createBundleRenderer (/Users/hy/demo-vue/node_modules/vue-server-renderer/build.dev.js:9506:20)
    at handleDevSSR (/Users/hy/demo-vue/app.js:36:20)
    at process._tickCallback (internal/process/next_tick.js:68:7)
name: "unhandledRejectionError"
pid: 51001
hostname: hydeiMac.local

2019-11-22 19:04:15,445 ERROR 51301 [-/127.0.0.1/-/11ms GET /app] nodejs.TypeError: renderer is not a function
    at HomeController.index (/Users/hy/demo-vue/app/controller/home.js:11:31)
    at Object.callFn (/Users/hy/demo-vue/node_modules/egg-core/lib/utils/index.js:44:21)
    at Object.classControllerMiddleware (/Users/hy/demo-vue/node_modules/egg-core/lib/loader/mixin/controller.js:87:20)
    at Object.callFn (/Users/hy/demo-vue/node_modules/@eggjs/router/lib/utils.js:12:21)
    at wrappedController (/Users/hy/demo-vue/node_modules/@eggjs/router/lib/egg_router.js:322:18)
    at dispatch (/Users/hy/demo-vue/node_modules/koa-compose/index.js:44:32)
    at next (/Users/hy/demo-vue/node_modules/koa-compose/index.js:45:18)
    at /Users/hy/demo-vue/node_modules/@eggjs/router/lib/router.js:190:18
    at dispatch (/Users/hy/demo-vue/node_modules/koa-compose/index.js:44:32)
    at /Users/hy/demo-vue/node_modules/koa-compose/index.js:36:12

pid: 51301
hostname: hydeiMac.local

2019-11-22 19:04:25,378 ERROR 51301 [-/127.0.0.1/-/1ms GET /app] nodejs.TypeError: renderer is not a function
    at HomeController.index (/Users/hy/demo-vue/app/controller/home.js:11:31)
    at Object.callFn (/Users/hy/demo-vue/node_modules/egg-core/lib/utils/index.js:44:21)
    at Object.classControllerMiddleware (/Users/hy/demo-vue/node_modules/egg-core/lib/loader/mixin/controller.js:87:20)
    at Object.callFn (/Users/hy/demo-vue/node_modules/@eggjs/router/lib/utils.js:12:21)
    at wrappedController (/Users/hy/demo-vue/node_modules/@eggjs/router/lib/egg_router.js:322:18)
    at dispatch (/Users/hy/demo-vue/node_modules/koa-compose/index.js:44:32)
    at next (/Users/hy/demo-vue/node_modules/koa-compose/index.js:45:18)
    at /Users/hy/demo-vue/node_modules/@eggjs/router/lib/router.js:190:18
    at dispatch (/Users/hy/demo-vue/node_modules/koa-compose/index.js:44:32)
    at /Users/hy/demo-vue/node_modules/koa-compose/index.js:36:12
    at dispatch (/Users/hy/demo-vue/node_modules/@eggjs/router/lib/router.js:195:33)
    at dispatch (/Users/hy/demo-vue/node_modules/koa/node_modules/koa-compose/index.js:42:32)
    at /Users/hy/demo-vue/node_modules/egg-development/app/middleware/egg_loader_trace.js:9:56
    at dispatch (/Users/hy/demo-vue/node_modules/koa/node_modules/koa-compose/index.js:42:32)
    at i18n (/Users/hy/demo-vue/node_modules/egg-i18n/app/middleware/i18n.js:13:12)
    at dispatch (/Users/hy/demo-vue/node_modules/koa/node_modules/koa-compose/index.js:42:32)

pid: 51301
hostname: hydeiMac.local

2019-11-22 19:04:28,836 ERROR 51301 [-/127.0.0.1/-/1ms GET /app] nodejs.TypeError: renderer is not a function
    at HomeController.index (/Users/hy/demo-vue/app/controller/home.js:11:31)
    at Object.callFn (/Users/hy/demo-vue/node_modules/egg-core/lib/utils/index.js:44:21)
    at Object.classControllerMiddleware (/Users/hy/demo-vue/node_modules/egg-core/lib/loader/mixin/controller.js:87:20)
    at Object.callFn (/Users/hy/demo-vue/node_modules/@eggjs/router/lib/utils.js:12:21)
    at wrappedController (/Users/hy/demo-vue/node_modules/@eggjs/router/lib/egg_router.js:322:18)
    at dispatch (/Users/hy/demo-vue/node_modules/koa-compose/index.js:44:32)
    at next (/Users/hy/demo-vue/node_modules/koa-compose/index.js:45:18)
    at /Users/hy/demo-vue/node_modules/@eggjs/router/lib/router.js:190:18
    at dispatch (/Users/hy/demo-vue/node_modules/koa-compose/index.js:44:32)
    at /Users/hy/demo-vue/node_modules/koa-compose/index.js:36:12
    at dispatch (/Users/hy/demo-vue/node_modules/@eggjs/router/lib/router.js:195:33)
    at dispatch (/Users/hy/demo-vue/node_modules/koa/node_modules/koa-compose/index.js:42:32)
    at /Users/hy/demo-vue/node_modules/egg-development/app/middleware/egg_loader_trace.js:9:56
    at dispatch (/Users/hy/demo-vue/node_modules/koa/node_modules/koa-compose/index.js:42:32)
    at i18n (/Users/hy/demo-vue/node_modules/egg-i18n/app/middleware/i18n.js:13:12)
    at dispatch (/Users/hy/demo-vue/node_modules/koa/node_modules/koa-compose/index.js:42:32)

pid: 51301
hostname: hydeiMac.local

2019-11-22 19:04:30,926 ERROR 51301 [-/127.0.0.1/-/0ms GET /app] nodejs.TypeError: renderer is not a function
    at HomeController.index (/Users/hy/demo-vue/app/controller/home.js:11:31)
    at Object.callFn (/Users/hy/demo-vue/node_modules/egg-core/lib/utils/index.js:44:21)
    at Object.classControllerMiddleware (/Users/hy/demo-vue/node_modules/egg-core/lib/loader/mixin/controller.js:87:20)
    at Object.callFn (/Users/hy/demo-vue/node_modules/@eggjs/router/lib/utils.js:12:21)
    at wrappedController (/Users/hy/demo-vue/node_modules/@eggjs/router/lib/egg_router.js:322:18)
    at dispatch (/Users/hy/demo-vue/node_modules/koa-compose/index.js:44:32)
    at next (/Users/hy/demo-vue/node_modules/koa-compose/index.js:45:18)
    at /Users/hy/demo-vue/node_modules/@eggjs/router/lib/router.js:190:18
    at dispatch (/Users/hy/demo-vue/node_modules/koa-compose/index.js:44:32)
    at /Users/hy/demo-vue/node_modules/koa-compose/index.js:36:12
    at dispatch (/Users/hy/demo-vue/node_modules/@eggjs/router/lib/router.js:195:33)
    at dispatch (/Users/hy/demo-vue/node_modules/koa/node_modules/koa-compose/index.js:42:32)
    at /Users/hy/demo-vue/node_modules/egg-development/app/middleware/egg_loader_trace.js:9:56
    at dispatch (/Users/hy/demo-vue/node_modules/koa/node_modules/koa-compose/index.js:42:32)
    at i18n (/Users/hy/demo-vue/node_modules/egg-i18n/app/middleware/i18n.js:13:12)
    at dispatch (/Users/hy/demo-vue/node_modules/koa/node_modules/koa-compose/index.js:42:32)

pid: 51301
hostname: hydeiMac.local

2019-11-22 19:04:30,939 ERROR 51301 nodejs.unhandledRejectionError: Content placeholder not found in template.
    at parseTemplate (/Users/hy/demo-vue/node_modules/vue-server-renderer/build.dev.js:8773:11)
    at new TemplateRenderer (/Users/hy/demo-vue/node_modules/vue-server-renderer/build.dev.js:8866:9)
    at createRenderer (/Users/hy/demo-vue/node_modules/vue-server-renderer/build.dev.js:9131:26)
    at createRenderer$1 (/Users/hy/demo-vue/node_modules/vue-server-renderer/build.dev.js:9589:10)
    at createBundleRenderer (/Users/hy/demo-vue/node_modules/vue-server-renderer/build.dev.js:9506:20)
    at handleDevSSR (/Users/hy/demo-vue/app.js:36:20)
    at process._tickCallback (internal/process/next_tick.js:68:7)
name: "unhandledRejectionError"
pid: 51301
hostname: hydeiMac.local

2019-11-22 19:04:33,014 ERROR 51301 [-/127.0.0.1/-/0ms GET /app] nodejs.TypeError: renderer is not a function
    at HomeController.index (/Users/hy/demo-vue/app/controller/home.js:11:31)
    at Object.callFn (/Users/hy/demo-vue/node_modules/egg-core/lib/utils/index.js:44:21)
    at Object.classControllerMiddleware (/Users/hy/demo-vue/node_modules/egg-core/lib/loader/mixin/controller.js:87:20)
    at Object.callFn (/Users/hy/demo-vue/node_modules/@eggjs/router/lib/utils.js:12:21)
    at wrappedController (/Users/hy/demo-vue/node_modules/@eggjs/router/lib/egg_router.js:322:18)
    at dispatch (/Users/hy/demo-vue/node_modules/koa-compose/index.js:44:32)
    at next (/Users/hy/demo-vue/node_modules/koa-compose/index.js:45:18)
    at /Users/hy/demo-vue/node_modules/@eggjs/router/lib/router.js:190:18
    at dispatch (/Users/hy/demo-vue/node_modules/koa-compose/index.js:44:32)
    at /Users/hy/demo-vue/node_modules/koa-compose/index.js:36:12
    at dispatch (/Users/hy/demo-vue/node_modules/@eggjs/router/lib/router.js:195:33)
    at dispatch (/Users/hy/demo-vue/node_modules/koa/node_modules/koa-compose/index.js:42:32)
    at /Users/hy/demo-vue/node_modules/egg-development/app/middleware/egg_loader_trace.js:9:56
    at dispatch (/Users/hy/demo-vue/node_modules/koa/node_modules/koa-compose/index.js:42:32)
    at i18n (/Users/hy/demo-vue/node_modules/egg-i18n/app/middleware/i18n.js:13:12)
    at dispatch (/Users/hy/demo-vue/node_modules/koa/node_modules/koa-compose/index.js:42:32)

pid: 51301
hostname: hydeiMac.local

2019-11-22 19:04:35,094 ERROR 51301 [-/127.0.0.1/-/0ms GET /app] nodejs.TypeError: renderer is not a function
    at HomeController.index (/Users/hy/demo-vue/app/controller/home.js:11:31)
    at Object.callFn (/Users/hy/demo-vue/node_modules/egg-core/lib/utils/index.js:44:21)
    at Object.classControllerMiddleware (/Users/hy/demo-vue/node_modules/egg-core/lib/loader/mixin/controller.js:87:20)
    at Object.callFn (/Users/hy/demo-vue/node_modules/@eggjs/router/lib/utils.js:12:21)
    at wrappedController (/Users/hy/demo-vue/node_modules/@eggjs/router/lib/egg_router.js:322:18)
    at dispatch (/Users/hy/demo-vue/node_modules/koa-compose/index.js:44:32)
    at next (/Users/hy/demo-vue/node_modules/koa-compose/index.js:45:18)
    at /Users/hy/demo-vue/node_modules/@eggjs/router/lib/router.js:190:18
    at dispatch (/Users/hy/demo-vue/node_modules/koa-compose/index.js:44:32)
    at /Users/hy/demo-vue/node_modules/koa-compose/index.js:36:12
    at dispatch (/Users/hy/demo-vue/node_modules/@eggjs/router/lib/router.js:195:33)
    at dispatch (/Users/hy/demo-vue/node_modules/koa/node_modules/koa-compose/index.js:42:32)
    at /Users/hy/demo-vue/node_modules/egg-development/app/middleware/egg_loader_trace.js:9:56
    at dispatch (/Users/hy/demo-vue/node_modules/koa/node_modules/koa-compose/index.js:42:32)
    at i18n (/Users/hy/demo-vue/node_modules/egg-i18n/app/middleware/i18n.js:13:12)
    at dispatch (/Users/hy/demo-vue/node_modules/koa/node_modules/koa-compose/index.js:42:32)

pid: 51301
hostname: hydeiMac.local

2019-11-22 19:04:36,928 ERROR 51301 [-/127.0.0.1/-/0ms GET /app] nodejs.TypeError: renderer is not a function
    at HomeController.index (/Users/hy/demo-vue/app/controller/home.js:11:31)
    at Object.callFn (/Users/hy/demo-vue/node_modules/egg-core/lib/utils/index.js:44:21)
    at Object.classControllerMiddleware (/Users/hy/demo-vue/node_modules/egg-core/lib/loader/mixin/controller.js:87:20)
    at Object.callFn (/Users/hy/demo-vue/node_modules/@eggjs/router/lib/utils.js:12:21)
    at wrappedController (/Users/hy/demo-vue/node_modules/@eggjs/router/lib/egg_router.js:322:18)
    at dispatch (/Users/hy/demo-vue/node_modules/koa-compose/index.js:44:32)
    at next (/Users/hy/demo-vue/node_modules/koa-compose/index.js:45:18)
    at /Users/hy/demo-vue/node_modules/@eggjs/router/lib/router.js:190:18
    at dispatch (/Users/hy/demo-vue/node_modules/koa-compose/index.js:44:32)
    at /Users/hy/demo-vue/node_modules/koa-compose/index.js:36:12
    at dispatch (/Users/hy/demo-vue/node_modules/@eggjs/router/lib/router.js:195:33)
    at dispatch (/Users/hy/demo-vue/node_modules/koa/node_modules/koa-compose/index.js:42:32)
    at /Users/hy/demo-vue/node_modules/egg-development/app/middleware/egg_loader_trace.js:9:56
    at dispatch (/Users/hy/demo-vue/node_modules/koa/node_modules/koa-compose/index.js:42:32)
    at i18n (/Users/hy/demo-vue/node_modules/egg-i18n/app/middleware/i18n.js:13:12)
    at dispatch (/Users/hy/demo-vue/node_modules/koa/node_modules/koa-compose/index.js:42:32)

pid: 51301
hostname: hydeiMac.local

2019-11-22 19:04:37,851 ERROR 51301 [-/127.0.0.1/-/0ms GET /app] nodejs.TypeError: renderer is not a function
    at HomeController.index (/Users/hy/demo-vue/app/controller/home.js:11:31)
    at Object.callFn (/Users/hy/demo-vue/node_modules/egg-core/lib/utils/index.js:44:21)
    at Object.classControllerMiddleware (/Users/hy/demo-vue/node_modules/egg-core/lib/loader/mixin/controller.js:87:20)
    at Object.callFn (/Users/hy/demo-vue/node_modules/@eggjs/router/lib/utils.js:12:21)
    at wrappedController (/Users/hy/demo-vue/node_modules/@eggjs/router/lib/egg_router.js:322:18)
    at dispatch (/Users/hy/demo-vue/node_modules/koa-compose/index.js:44:32)
    at next (/Users/hy/demo-vue/node_modules/koa-compose/index.js:45:18)
    at /Users/hy/demo-vue/node_modules/@eggjs/router/lib/router.js:190:18
    at dispatch (/Users/hy/demo-vue/node_modules/koa-compose/index.js:44:32)
    at /Users/hy/demo-vue/node_modules/koa-compose/index.js:36:12
    at dispatch (/Users/hy/demo-vue/node_modules/@eggjs/router/lib/router.js:195:33)
    at dispatch (/Users/hy/demo-vue/node_modules/koa/node_modules/koa-compose/index.js:42:32)
    at /Users/hy/demo-vue/node_modules/egg-development/app/middleware/egg_loader_trace.js:9:56
    at dispatch (/Users/hy/demo-vue/node_modules/koa/node_modules/koa-compose/index.js:42:32)
    at i18n (/Users/hy/demo-vue/node_modules/egg-i18n/app/middleware/i18n.js:13:12)
    at dispatch (/Users/hy/demo-vue/node_modules/koa/node_modules/koa-compose/index.js:42:32)

pid: 51301
hostname: hydeiMac.local

2019-11-22 19:04:38,764 ERROR 51301 [-/127.0.0.1/-/0ms GET /app] nodejs.TypeError: renderer is not a function
    at HomeController.index (/Users/hy/demo-vue/app/controller/home.js:11:31)
    at Object.callFn (/Users/hy/demo-vue/node_modules/egg-core/lib/utils/index.js:44:21)
    at Object.classControllerMiddleware (/Users/hy/demo-vue/node_modules/egg-core/lib/loader/mixin/controller.js:87:20)
    at Object.callFn (/Users/hy/demo-vue/node_modules/@eggjs/router/lib/utils.js:12:21)
    at wrappedController (/Users/hy/demo-vue/node_modules/@eggjs/router/lib/egg_router.js:322:18)
    at dispatch (/Users/hy/demo-vue/node_modules/koa-compose/index.js:44:32)
    at next (/Users/hy/demo-vue/node_modules/koa-compose/index.js:45:18)
    at /Users/hy/demo-vue/node_modules/@eggjs/router/lib/router.js:190:18
    at dispatch (/Users/hy/demo-vue/node_modules/koa-compose/index.js:44:32)
    at /Users/hy/demo-vue/node_modules/koa-compose/index.js:36:12
    at dispatch (/Users/hy/demo-vue/node_modules/@eggjs/router/lib/router.js:195:33)
    at dispatch (/Users/hy/demo-vue/node_modules/koa/node_modules/koa-compose/index.js:42:32)
    at /Users/hy/demo-vue/node_modules/egg-development/app/middleware/egg_loader_trace.js:9:56
    at dispatch (/Users/hy/demo-vue/node_modules/koa/node_modules/koa-compose/index.js:42:32)
    at i18n (/Users/hy/demo-vue/node_modules/egg-i18n/app/middleware/i18n.js:13:12)
    at dispatch (/Users/hy/demo-vue/node_modules/koa/node_modules/koa-compose/index.js:42:32)

pid: 51301
hostname: hydeiMac.local

2019-11-22 19:04:41,068 ERROR 51301 [-/127.0.0.1/-/0ms GET /app] nodejs.TypeError: renderer is not a function
    at HomeController.index (/Users/hy/demo-vue/app/controller/home.js:11:31)
    at Object.callFn (/Users/hy/demo-vue/node_modules/egg-core/lib/utils/index.js:44:21)
    at Object.classControllerMiddleware (/Users/hy/demo-vue/node_modules/egg-core/lib/loader/mixin/controller.js:87:20)
    at Object.callFn (/Users/hy/demo-vue/node_modules/@eggjs/router/lib/utils.js:12:21)
    at wrappedController (/Users/hy/demo-vue/node_modules/@eggjs/router/lib/egg_router.js:322:18)
    at dispatch (/Users/hy/demo-vue/node_modules/koa-compose/index.js:44:32)
    at next (/Users/hy/demo-vue/node_modules/koa-compose/index.js:45:18)
    at /Users/hy/demo-vue/node_modules/@eggjs/router/lib/router.js:190:18
    at dispatch (/Users/hy/demo-vue/node_modules/koa-compose/index.js:44:32)
    at /Users/hy/demo-vue/node_modules/koa-compose/index.js:36:12
    at dispatch (/Users/hy/demo-vue/node_modules/@eggjs/router/lib/router.js:195:33)
    at dispatch (/Users/hy/demo-vue/node_modules/koa/node_modules/koa-compose/index.js:42:32)
    at /Users/hy/demo-vue/node_modules/egg-development/app/middleware/egg_loader_trace.js:9:56
    at dispatch (/Users/hy/demo-vue/node_modules/koa/node_modules/koa-compose/index.js:42:32)
    at i18n (/Users/hy/demo-vue/node_modules/egg-i18n/app/middleware/i18n.js:13:12)
    at dispatch (/Users/hy/demo-vue/node_modules/koa/node_modules/koa-compose/index.js:42:32)

pid: 51301
hostname: hydeiMac.local

2019-11-22 19:04:42,947 ERROR 51301 [-/127.0.0.1/-/0ms GET /app] nodejs.TypeError: renderer is not a function
    at HomeController.index (/Users/hy/demo-vue/app/controller/home.js:11:31)
    at Object.callFn (/Users/hy/demo-vue/node_modules/egg-core/lib/utils/index.js:44:21)
    at Object.classControllerMiddleware (/Users/hy/demo-vue/node_modules/egg-core/lib/loader/mixin/controller.js:87:20)
    at Object.callFn (/Users/hy/demo-vue/node_modules/@eggjs/router/lib/utils.js:12:21)
    at wrappedController (/Users/hy/demo-vue/node_modules/@eggjs/router/lib/egg_router.js:322:18)
    at dispatch (/Users/hy/demo-vue/node_modules/koa-compose/index.js:44:32)
    at next (/Users/hy/demo-vue/node_modules/koa-compose/index.js:45:18)
    at /Users/hy/demo-vue/node_modules/@eggjs/router/lib/router.js:190:18
    at dispatch (/Users/hy/demo-vue/node_modules/koa-compose/index.js:44:32)
    at /Users/hy/demo-vue/node_modules/koa-compose/index.js:36:12
    at dispatch (/Users/hy/demo-vue/node_modules/@eggjs/router/lib/router.js:195:33)
    at dispatch (/Users/hy/demo-vue/node_modules/koa/node_modules/koa-compose/index.js:42:32)
    at /Users/hy/demo-vue/node_modules/egg-development/app/middleware/egg_loader_trace.js:9:56
    at dispatch (/Users/hy/demo-vue/node_modules/koa/node_modules/koa-compose/index.js:42:32)
    at i18n (/Users/hy/demo-vue/node_modules/egg-i18n/app/middleware/i18n.js:13:12)
    at dispatch (/Users/hy/demo-vue/node_modules/koa/node_modules/koa-compose/index.js:42:32)

pid: 51301
hostname: hydeiMac.local

2019-11-22 19:04:43,757 ERROR 51301 [-/127.0.0.1/-/1ms GET /app] nodejs.TypeError: renderer is not a function
    at HomeController.index (/Users/hy/demo-vue/app/controller/home.js:11:31)
    at Object.callFn (/Users/hy/demo-vue/node_modules/egg-core/lib/utils/index.js:44:21)
    at Object.classControllerMiddleware (/Users/hy/demo-vue/node_modules/egg-core/lib/loader/mixin/controller.js:87:20)
    at Object.callFn (/Users/hy/demo-vue/node_modules/@eggjs/router/lib/utils.js:12:21)
    at wrappedController (/Users/hy/demo-vue/node_modules/@eggjs/router/lib/egg_router.js:322:18)
    at dispatch (/Users/hy/demo-vue/node_modules/koa-compose/index.js:44:32)
    at next (/Users/hy/demo-vue/node_modules/koa-compose/index.js:45:18)
    at /Users/hy/demo-vue/node_modules/@eggjs/router/lib/router.js:190:18
    at dispatch (/Users/hy/demo-vue/node_modules/koa-compose/index.js:44:32)
    at /Users/hy/demo-vue/node_modules/koa-compose/index.js:36:12
    at dispatch (/Users/hy/demo-vue/node_modules/@eggjs/router/lib/router.js:195:33)
    at dispatch (/Users/hy/demo-vue/node_modules/koa/node_modules/koa-compose/index.js:42:32)
    at /Users/hy/demo-vue/node_modules/egg-development/app/middleware/egg_loader_trace.js:9:56
    at dispatch (/Users/hy/demo-vue/node_modules/koa/node_modules/koa-compose/index.js:42:32)
    at i18n (/Users/hy/demo-vue/node_modules/egg-i18n/app/middleware/i18n.js:13:12)
    at dispatch (/Users/hy/demo-vue/node_modules/koa/node_modules/koa-compose/index.js:42:32)

pid: 51301
hostname: hydeiMac.local

2019-11-22 19:04:45,873 ERROR 51301 [-/127.0.0.1/-/0ms GET /app] nodejs.TypeError: renderer is not a function
    at HomeController.index (/Users/hy/demo-vue/app/controller/home.js:11:31)
    at Object.callFn (/Users/hy/demo-vue/node_modules/egg-core/lib/utils/index.js:44:21)
    at Object.classControllerMiddleware (/Users/hy/demo-vue/node_modules/egg-core/lib/loader/mixin/controller.js:87:20)
    at Object.callFn (/Users/hy/demo-vue/node_modules/@eggjs/router/lib/utils.js:12:21)
    at wrappedController (/Users/hy/demo-vue/node_modules/@eggjs/router/lib/egg_router.js:322:18)
    at dispatch (/Users/hy/demo-vue/node_modules/koa-compose/index.js:44:32)
    at next (/Users/hy/demo-vue/node_modules/koa-compose/index.js:45:18)
    at /Users/hy/demo-vue/node_modules/@eggjs/router/lib/router.js:190:18
    at dispatch (/Users/hy/demo-vue/node_modules/koa-compose/index.js:44:32)
    at /Users/hy/demo-vue/node_modules/koa-compose/index.js:36:12
    at dispatch (/Users/hy/demo-vue/node_modules/@eggjs/router/lib/router.js:195:33)
    at dispatch (/Users/hy/demo-vue/node_modules/koa/node_modules/koa-compose/index.js:42:32)
    at /Users/hy/demo-vue/node_modules/egg-development/app/middleware/egg_loader_trace.js:9:56
    at dispatch (/Users/hy/demo-vue/node_modules/koa/node_modules/koa-compose/index.js:42:32)
    at i18n (/Users/hy/demo-vue/node_modules/egg-i18n/app/middleware/i18n.js:13:12)
    at dispatch (/Users/hy/demo-vue/node_modules/koa/node_modules/koa-compose/index.js:42:32)

pid: 51301
hostname: hydeiMac.local

2019-11-22 19:07:00,422 ERROR 51341 [-/127.0.0.1/-/299ms GET /app] nodejs.AssertionError [ERR_ASSERTION]: Can't find web/layout/index.tpl from /Users/hy/demo-vue/app/view
    at Map.resolve (/Users/hy/demo-vue/node_modules/egg-view/lib/view_manager.js:74:5)
generatedMessage: false
name: "AssertionError [ERR_ASSERTION]"
code: "ERR_ASSERTION"
actual: undefined
expected: true
operator: "=="
pid: 51341
hostname: hydeiMac.local

2019-11-22 19:10:47,652 ERROR 51397 [-/127.0.0.1/-/6ms GET /app] nodejs.ReferenceError: app is not defined
    at HomeController.index (/Users/hy/demo-vue/app/controller/home.js:17:29)
    at Object.callFn (/Users/hy/demo-vue/node_modules/egg-core/lib/utils/index.js:44:21)
    at Object.classControllerMiddleware (/Users/hy/demo-vue/node_modules/egg-core/lib/loader/mixin/controller.js:87:20)
    at Object.callFn (/Users/hy/demo-vue/node_modules/@eggjs/router/lib/utils.js:12:21)
    at wrappedController (/Users/hy/demo-vue/node_modules/@eggjs/router/lib/egg_router.js:322:18)
    at dispatch (/Users/hy/demo-vue/node_modules/koa-compose/index.js:44:32)
    at next (/Users/hy/demo-vue/node_modules/koa-compose/index.js:45:18)
    at /Users/hy/demo-vue/node_modules/@eggjs/router/lib/router.js:190:18
    at dispatch (/Users/hy/demo-vue/node_modules/koa-compose/index.js:44:32)
    at /Users/hy/demo-vue/node_modules/koa-compose/index.js:36:12
    at dispatch (/Users/hy/demo-vue/node_modules/@eggjs/router/lib/router.js:195:33)
    at dispatch (/Users/hy/demo-vue/node_modules/koa/node_modules/koa-compose/index.js:42:32)
    at /Users/hy/demo-vue/node_modules/egg-development/app/middleware/egg_loader_trace.js:9:56
    at dispatch (/Users/hy/demo-vue/node_modules/koa/node_modules/koa-compose/index.js:42:32)
    at i18n (/Users/hy/demo-vue/node_modules/egg-i18n/app/middleware/i18n.js:13:12)
    at dispatch (/Users/hy/demo-vue/node_modules/koa/node_modules/koa-compose/index.js:42:32)

pid: 51397
hostname: hydeiMac.local

2019-11-22 19:12:02,286 ERROR 51421 [-/127.0.0.1/-/7ms GET /app] nodejs.TypeError: renderer.renderToString is not a function
    at HomeController.index (/Users/hy/demo-vue/app/controller/home.js:17:14)
    at Object.callFn (/Users/hy/demo-vue/node_modules/egg-core/lib/utils/index.js:44:21)
    at Object.classControllerMiddleware (/Users/hy/demo-vue/node_modules/egg-core/lib/loader/mixin/controller.js:87:20)
    at Object.callFn (/Users/hy/demo-vue/node_modules/@eggjs/router/lib/utils.js:12:21)
    at wrappedController (/Users/hy/demo-vue/node_modules/@eggjs/router/lib/egg_router.js:322:18)
    at dispatch (/Users/hy/demo-vue/node_modules/koa-compose/index.js:44:32)
    at next (/Users/hy/demo-vue/node_modules/koa-compose/index.js:45:18)
    at /Users/hy/demo-vue/node_modules/@eggjs/router/lib/router.js:190:18
    at dispatch (/Users/hy/demo-vue/node_modules/koa-compose/index.js:44:32)
    at /Users/hy/demo-vue/node_modules/koa-compose/index.js:36:12
    at dispatch (/Users/hy/demo-vue/node_modules/@eggjs/router/lib/router.js:195:33)
    at dispatch (/Users/hy/demo-vue/node_modules/koa/node_modules/koa-compose/index.js:42:32)
    at /Users/hy/demo-vue/node_modules/egg-development/app/middleware/egg_loader_trace.js:9:56
    at dispatch (/Users/hy/demo-vue/node_modules/koa/node_modules/koa-compose/index.js:42:32)
    at i18n (/Users/hy/demo-vue/node_modules/egg-i18n/app/middleware/i18n.js:13:12)
    at dispatch (/Users/hy/demo-vue/node_modules/koa/node_modules/koa-compose/index.js:42:32)

pid: 51421
hostname: hydeiMac.local

2019-11-22 19:29:00,180 ERROR 51744 nodejs.Error [ERR_IPC_DISCONNECTED]: IPC channel is already disconnected (uncaughtException throw 1 times on pid:51744)
    at process.target.disconnect (internal/child_process.js:788:26)
    at Server.checkWaitingCount (internal/cluster/child.js:203:17)
    at Object.onceWrapper (events.js:286:20)
    at Server.emit (events.js:198:13)
    at emitCloseNT (net.js:1618:8)
    at process._tickCallback (internal/process/next_tick.js:63:19)

pid: 51744
hostname: hydeiMac.local

2019-11-22 19:29:00,197 ERROR 51744 nodejs.Error [ERR_IPC_CHANNEL_CLOSED]: Channel closed (uncaughtException throw 2 times on pid:51744)
    at process.target.send (internal/child_process.js:636:16)
    at Worker.send (internal/cluster/worker.js:40:28)
    at process.<anonymous> (/Users/hy/demo-vue/node_modules/graceful/index.js:100:16)
    at process.emit (events.js:198:13)
    at process._fatalException (internal/bootstrap/node.js:496:27)

pid: 51744
hostname: hydeiMac.local

2019-11-22 19:32:15,783 ERROR 51825 [-/127.0.0.1/-/8ms GET /] nodejs.TypeError: renderer is not a function
    at HomeController.index (/Users/hy/demo-vue/app/controller/home.js:22:5)
    at Object.callFn (/Users/hy/demo-vue/node_modules/egg-core/lib/utils/index.js:44:21)
    at Object.classControllerMiddleware (/Users/hy/demo-vue/node_modules/egg-core/lib/loader/mixin/controller.js:87:20)
    at Object.callFn (/Users/hy/demo-vue/node_modules/@eggjs/router/lib/utils.js:12:21)
    at wrappedController (/Users/hy/demo-vue/node_modules/@eggjs/router/lib/egg_router.js:322:18)
    at dispatch (/Users/hy/demo-vue/node_modules/koa-compose/index.js:44:32)
    at next (/Users/hy/demo-vue/node_modules/koa-compose/index.js:45:18)
    at /Users/hy/demo-vue/node_modules/@eggjs/router/lib/router.js:190:18
    at dispatch (/Users/hy/demo-vue/node_modules/koa-compose/index.js:44:32)
    at /Users/hy/demo-vue/node_modules/koa-compose/index.js:36:12

pid: 51825
hostname: hydeiMac.local

2019-11-22 19:32:15,916 ERROR 51825 [-/127.0.0.1/-/1ms GET /] nodejs.TypeError: renderer is not a function
    at HomeController.index (/Users/hy/demo-vue/app/controller/home.js:22:5)
    at Object.callFn (/Users/hy/demo-vue/node_modules/egg-core/lib/utils/index.js:44:21)
    at Object.classControllerMiddleware (/Users/hy/demo-vue/node_modules/egg-core/lib/loader/mixin/controller.js:87:20)
    at Object.callFn (/Users/hy/demo-vue/node_modules/@eggjs/router/lib/utils.js:12:21)
    at wrappedController (/Users/hy/demo-vue/node_modules/@eggjs/router/lib/egg_router.js:322:18)
    at dispatch (/Users/hy/demo-vue/node_modules/koa-compose/index.js:44:32)
    at next (/Users/hy/demo-vue/node_modules/koa-compose/index.js:45:18)
    at /Users/hy/demo-vue/node_modules/@eggjs/router/lib/router.js:190:18
    at dispatch (/Users/hy/demo-vue/node_modules/koa-compose/index.js:44:32)
    at /Users/hy/demo-vue/node_modules/koa-compose/index.js:36:12

pid: 51825
hostname: hydeiMac.local

2019-11-22 19:32:19,358 ERROR 51861 [-/127.0.0.1/-/9ms GET /] nodejs.TypeError: renderer is not a function
    at HomeController.index (/Users/hy/demo-vue/app/controller/home.js:22:5)
    at Object.callFn (/Users/hy/demo-vue/node_modules/egg-core/lib/utils/index.js:44:21)
    at Object.classControllerMiddleware (/Users/hy/demo-vue/node_modules/egg-core/lib/loader/mixin/controller.js:87:20)
    at Object.callFn (/Users/hy/demo-vue/node_modules/@eggjs/router/lib/utils.js:12:21)
    at wrappedController (/Users/hy/demo-vue/node_modules/@eggjs/router/lib/egg_router.js:322:18)
    at dispatch (/Users/hy/demo-vue/node_modules/koa-compose/index.js:44:32)
    at next (/Users/hy/demo-vue/node_modules/koa-compose/index.js:45:18)
    at /Users/hy/demo-vue/node_modules/@eggjs/router/lib/router.js:190:18
    at dispatch (/Users/hy/demo-vue/node_modules/koa-compose/index.js:44:32)
    at /Users/hy/demo-vue/node_modules/koa-compose/index.js:36:12

pid: 51861
hostname: hydeiMac.local

2019-11-22 19:32:36,308 ERROR 51861 [-/127.0.0.1/-/1ms GET /] nodejs.TypeError: renderer is not a function
    at HomeController.index (/Users/hy/demo-vue/app/controller/home.js:22:5)
    at Object.callFn (/Users/hy/demo-vue/node_modules/egg-core/lib/utils/index.js:44:21)
    at Object.classControllerMiddleware (/Users/hy/demo-vue/node_modules/egg-core/lib/loader/mixin/controller.js:87:20)
    at Object.callFn (/Users/hy/demo-vue/node_modules/@eggjs/router/lib/utils.js:12:21)
    at wrappedController (/Users/hy/demo-vue/node_modules/@eggjs/router/lib/egg_router.js:322:18)
    at dispatch (/Users/hy/demo-vue/node_modules/koa-compose/index.js:44:32)
    at next (/Users/hy/demo-vue/node_modules/koa-compose/index.js:45:18)
    at /Users/hy/demo-vue/node_modules/@eggjs/router/lib/router.js:190:18
    at dispatch (/Users/hy/demo-vue/node_modules/koa-compose/index.js:44:32)
    at /Users/hy/demo-vue/node_modules/koa-compose/index.js:36:12

pid: 51861
hostname: hydeiMac.local

2019-11-22 19:35:02,901 ERROR 51916 [-/127.0.0.1/-/8ms GET /] nodejs.TypeError: renderer is not a function
    at HomeController.index (/Users/hy/demo-vue/app/controller/home.js:15:31)
    at Object.callFn (/Users/hy/demo-vue/node_modules/egg-core/lib/utils/index.js:44:21)
    at Object.classControllerMiddleware (/Users/hy/demo-vue/node_modules/egg-core/lib/loader/mixin/controller.js:87:20)
    at Object.callFn (/Users/hy/demo-vue/node_modules/@eggjs/router/lib/utils.js:12:21)
    at wrappedController (/Users/hy/demo-vue/node_modules/@eggjs/router/lib/egg_router.js:322:18)
    at dispatch (/Users/hy/demo-vue/node_modules/koa-compose/index.js:44:32)
    at next (/Users/hy/demo-vue/node_modules/koa-compose/index.js:45:18)
    at /Users/hy/demo-vue/node_modules/@eggjs/router/lib/router.js:190:18
    at dispatch (/Users/hy/demo-vue/node_modules/koa-compose/index.js:44:32)
    at /Users/hy/demo-vue/node_modules/koa-compose/index.js:36:12

pid: 51916
hostname: hydeiMac.local

2019-11-22 19:35:01,533 ERROR 51938 [-/127.0.0.1/-/10ms GET /] nodejs.TypeError: renderer is not a function
    at HomeController.index (/Users/hy/demo-vue/app/controller/home.js:15:31)
    at Object.callFn (/Users/hy/demo-vue/node_modules/egg-core/lib/utils/index.js:44:21)
    at Object.classControllerMiddleware (/Users/hy/demo-vue/node_modules/egg-core/lib/loader/mixin/controller.js:87:20)
    at Object.callFn (/Users/hy/demo-vue/node_modules/@eggjs/router/lib/utils.js:12:21)
    at wrappedController (/Users/hy/demo-vue/node_modules/@eggjs/router/lib/egg_router.js:322:18)
    at dispatch (/Users/hy/demo-vue/node_modules/koa-compose/index.js:44:32)
    at next (/Users/hy/demo-vue/node_modules/koa-compose/index.js:45:18)
    at /Users/hy/demo-vue/node_modules/@eggjs/router/lib/router.js:190:18
    at dispatch (/Users/hy/demo-vue/node_modules/koa-compose/index.js:44:32)
    at /Users/hy/demo-vue/node_modules/koa-compose/index.js:36:12

pid: 51938
hostname: hydeiMac.local

2019-11-22 19:35:59,325 ERROR 51973 [-/127.0.0.1/-/51ms GET /login] nodejs.AssertionError [ERR_ASSERTION]: Can't find web/layout/index.tpl from /Users/hy/demo-vue/app/view
    at Map.resolve (/Users/hy/demo-vue/node_modules/egg-view/lib/view_manager.js:74:5)
generatedMessage: false
name: "AssertionError [ERR_ASSERTION]"
code: "ERR_ASSERTION"
actual: undefined
expected: true
operator: "=="
pid: 51973
hostname: hydeiMac.local

2019-11-22 19:37:06,494 ERROR 52035 [-/127.0.0.1/-/158ms GET /login] nodejs.AssertionError [ERR_ASSERTION]: Can't find web/layout/index.tpl from /Users/hy/demo-vue/app/view
    at Map.resolve (/Users/hy/demo-vue/node_modules/egg-view/lib/view_manager.js:74:5)
generatedMessage: false
name: "AssertionError [ERR_ASSERTION]"
code: "ERR_ASSERTION"
actual: undefined
expected: true
operator: "=="
pid: 52035
hostname: hydeiMac.local

2019-11-22 19:37:07,712 ERROR 52035 [-/127.0.0.1/-/7ms GET /login] nodejs.AssertionError [ERR_ASSERTION]: Can't find web/layout/index.tpl from /Users/hy/demo-vue/app/view
    at Map.resolve (/Users/hy/demo-vue/node_modules/egg-view/lib/view_manager.js:74:5)
generatedMessage: false
name: "AssertionError [ERR_ASSERTION]"
code: "ERR_ASSERTION"
actual: undefined
expected: true
operator: "=="
pid: 52035
hostname: hydeiMac.local

2019-11-22 19:37:08,521 ERROR 52035 [-/127.0.0.1/-/5ms GET /login] nodejs.AssertionError [ERR_ASSERTION]: Can't find web/layout/index.tpl from /Users/hy/demo-vue/app/view
    at Map.resolve (/Users/hy/demo-vue/node_modules/egg-view/lib/view_manager.js:74:5)
generatedMessage: false
name: "AssertionError [ERR_ASSERTION]"
code: "ERR_ASSERTION"
actual: undefined
expected: true
operator: "=="
pid: 52035
hostname: hydeiMac.local

2019-11-22 19:38:20,482 ERROR 52053 [-/127.0.0.1/-/6ms GET /login] nodejs.SyntaxError: Identifier 'renderer' has already been declared
    at Object.callFn (/Users/hy/demo-vue/node_modules/egg-core/lib/utils/index.js:44:21)
    at Object.classControllerMiddleware (/Users/hy/demo-vue/node_modules/egg-core/lib/loader/mixin/controller.js:87:20)
    at Object.callFn (/Users/hy/demo-vue/node_modules/@eggjs/router/lib/utils.js:12:21)
    at wrappedController (/Users/hy/demo-vue/node_modules/@eggjs/router/lib/egg_router.js:322:18)
    at dispatch (/Users/hy/demo-vue/node_modules/koa-compose/index.js:44:32)
    at next (/Users/hy/demo-vue/node_modules/koa-compose/index.js:45:18)
    at /Users/hy/demo-vue/node_modules/@eggjs/router/lib/router.js:190:18
    at dispatch (/Users/hy/demo-vue/node_modules/koa-compose/index.js:44:32)
    at /Users/hy/demo-vue/node_modules/koa-compose/index.js:36:12
    at dispatch (/Users/hy/demo-vue/node_modules/@eggjs/router/lib/router.js:195:33)
    at dispatch (/Users/hy/demo-vue/node_modules/koa/node_modules/koa-compose/index.js:42:32)
    at /Users/hy/demo-vue/node_modules/egg-development/app/middleware/egg_loader_trace.js:9:56
    at dispatch (/Users/hy/demo-vue/node_modules/koa/node_modules/koa-compose/index.js:42:32)
    at i18n (/Users/hy/demo-vue/node_modules/egg-i18n/app/middleware/i18n.js:13:12)
    at dispatch (/Users/hy/demo-vue/node_modules/koa/node_modules/koa-compose/index.js:42:32)
    at dispatch (/Users/hy/demo-vue/node_modules/egg-security/node_modules/koa-compose/index.js:42:32)

pid: 52053
hostname: hydeiMac.local

2019-11-22 19:38:28,853 ERROR 52053 [-/127.0.0.1/-/1ms GET /login] nodejs.SyntaxError: Identifier 'renderer' has already been declared
    at Object.callFn (/Users/hy/demo-vue/node_modules/egg-core/lib/utils/index.js:44:21)
    at Object.classControllerMiddleware (/Users/hy/demo-vue/node_modules/egg-core/lib/loader/mixin/controller.js:87:20)
    at Object.callFn (/Users/hy/demo-vue/node_modules/@eggjs/router/lib/utils.js:12:21)
    at wrappedController (/Users/hy/demo-vue/node_modules/@eggjs/router/lib/egg_router.js:322:18)
    at dispatch (/Users/hy/demo-vue/node_modules/koa-compose/index.js:44:32)
    at next (/Users/hy/demo-vue/node_modules/koa-compose/index.js:45:18)
    at /Users/hy/demo-vue/node_modules/@eggjs/router/lib/router.js:190:18
    at dispatch (/Users/hy/demo-vue/node_modules/koa-compose/index.js:44:32)
    at /Users/hy/demo-vue/node_modules/koa-compose/index.js:36:12
    at dispatch (/Users/hy/demo-vue/node_modules/@eggjs/router/lib/router.js:195:33)
    at dispatch (/Users/hy/demo-vue/node_modules/koa/node_modules/koa-compose/index.js:42:32)
    at /Users/hy/demo-vue/node_modules/egg-development/app/middleware/egg_loader_trace.js:9:56
    at dispatch (/Users/hy/demo-vue/node_modules/koa/node_modules/koa-compose/index.js:42:32)
    at i18n (/Users/hy/demo-vue/node_modules/egg-i18n/app/middleware/i18n.js:13:12)
    at dispatch (/Users/hy/demo-vue/node_modules/koa/node_modules/koa-compose/index.js:42:32)
    at dispatch (/Users/hy/demo-vue/node_modules/egg-security/node_modules/koa-compose/index.js:42:32)

pid: 52053
hostname: hydeiMac.local

2019-11-22 19:38:29,787 ERROR 52053 [-/127.0.0.1/-/0ms GET /login] nodejs.SyntaxError: Identifier 'renderer' has already been declared
    at Object.callFn (/Users/hy/demo-vue/node_modules/egg-core/lib/utils/index.js:44:21)
    at Object.classControllerMiddleware (/Users/hy/demo-vue/node_modules/egg-core/lib/loader/mixin/controller.js:87:20)
    at Object.callFn (/Users/hy/demo-vue/node_modules/@eggjs/router/lib/utils.js:12:21)
    at wrappedController (/Users/hy/demo-vue/node_modules/@eggjs/router/lib/egg_router.js:322:18)
    at dispatch (/Users/hy/demo-vue/node_modules/koa-compose/index.js:44:32)
    at next (/Users/hy/demo-vue/node_modules/koa-compose/index.js:45:18)
    at /Users/hy/demo-vue/node_modules/@eggjs/router/lib/router.js:190:18
    at dispatch (/Users/hy/demo-vue/node_modules/koa-compose/index.js:44:32)
    at /Users/hy/demo-vue/node_modules/koa-compose/index.js:36:12
    at dispatch (/Users/hy/demo-vue/node_modules/@eggjs/router/lib/router.js:195:33)
    at dispatch (/Users/hy/demo-vue/node_modules/koa/node_modules/koa-compose/index.js:42:32)
    at /Users/hy/demo-vue/node_modules/egg-development/app/middleware/egg_loader_trace.js:9:56
    at dispatch (/Users/hy/demo-vue/node_modules/koa/node_modules/koa-compose/index.js:42:32)
    at i18n (/Users/hy/demo-vue/node_modules/egg-i18n/app/middleware/i18n.js:13:12)
    at dispatch (/Users/hy/demo-vue/node_modules/koa/node_modules/koa-compose/index.js:42:32)
    at dispatch (/Users/hy/demo-vue/node_modules/egg-security/node_modules/koa-compose/index.js:42:32)

pid: 52053
hostname: hydeiMac.local

