2019-11-21 10:48:17,224 INFO 37673 [egg-schedule]: register schedule /Users/hy/demo-vue/node_modules/egg-multipart/app/schedule/clean_tmpdir.js
2019-11-21 10:48:17,224 INFO 37673 [egg-schedule]: register schedule /Users/hy/demo-vue/node_modules/egg-logrotator/app/schedule/clean_log.js
2019-11-21 10:48:17,224 INFO 37673 [egg-schedule]: register schedule /Users/hy/demo-vue/node_modules/egg-logrotator/app/schedule/rotate_by_file.js
2019-11-21 10:48:18,609 INFO 37672 [Timer] /Users/hy/demo-vue/node_modules/egg-multipart/app/schedule/clean_tmpdir.js next time will execute after 63701395ms at 2019-11-22 04:30:00.004
2019-11-21 10:48:18,610 INFO 37672 [Timer] /Users/hy/demo-vue/node_modules/egg-logrotator/app/schedule/clean_log.js next time will execute after 47501390ms at 2019-11-22 00:00:00.000
2019-11-21 10:48:18,610 INFO 37672 [Timer] /Users/hy/demo-vue/node_modules/egg-logrotator/app/schedule/rotate_by_file.js next time will execute after 47502390ms at 2019-11-22 00:00:01.000
2019-11-21 15:04:07,531 INFO 43392 [egg-schedule]: register schedule /Users/hy/demo-vue/node_modules/egg-multipart/app/schedule/clean_tmpdir.js
2019-11-21 15:04:07,531 INFO 43392 [egg-schedule]: register schedule /Users/hy/demo-vue/node_modules/egg-logrotator/app/schedule/clean_log.js
2019-11-21 15:04:07,531 INFO 43392 [egg-schedule]: register schedule /Users/hy/demo-vue/node_modules/egg-logrotator/app/schedule/rotate_by_file.js
2019-11-21 15:04:08,436 INFO 43391 [Timer] /Users/hy/demo-vue/node_modules/egg-multipart/app/schedule/clean_tmpdir.js next time will execute after 48351568ms at 2019-11-22 04:30:00.004
2019-11-21 15:04:08,436 INFO 43391 [Timer] /Users/hy/demo-vue/node_modules/egg-logrotator/app/schedule/clean_log.js next time will execute after 32151564ms at 2019-11-22 00:00:00.000
2019-11-21 15:04:08,437 INFO 43391 [Timer] /Users/hy/demo-vue/node_modules/egg-logrotator/app/schedule/rotate_by_file.js next time will execute after 32152564ms at 2019-11-22 00:00:01.001
2019-11-21 15:06:00,085 INFO 43435 [Timer] /Users/hy/demo-vue/node_modules/egg-multipart/app/schedule/clean_tmpdir.js next time will execute after 48239919ms at 2019-11-22 04:30:00.004
2019-11-21 15:06:00,085 INFO 43435 [Timer] /Users/hy/demo-vue/node_modules/egg-logrotator/app/schedule/clean_log.js next time will execute after 32039915ms at 2019-11-22 00:00:00.000
2019-11-21 15:06:00,086 INFO 43435 [Timer] /Users/hy/demo-vue/node_modules/egg-logrotator/app/schedule/rotate_by_file.js next time will execute after 32040915ms at 2019-11-22 00:00:01.001
2019-11-21 15:05:59,185 INFO 43436 [egg-schedule]: register schedule /Users/hy/demo-vue/node_modules/egg-multipart/app/schedule/clean_tmpdir.js
2019-11-21 15:05:59,185 INFO 43436 [egg-schedule]: register schedule /Users/hy/demo-vue/node_modules/egg-logrotator/app/schedule/clean_log.js
2019-11-21 15:05:59,185 INFO 43436 [egg-schedule]: register schedule /Users/hy/demo-vue/node_modules/egg-logrotator/app/schedule/rotate_by_file.js
2019-11-21 15:13:43,551 INFO 43613 [Timer] /Users/hy/demo-vue/node_modules/egg-multipart/app/schedule/clean_tmpdir.js next time will execute after 47776453ms at 2019-11-22 04:30:00.004
2019-11-21 15:13:43,552 INFO 43613 [Timer] /Users/hy/demo-vue/node_modules/egg-logrotator/app/schedule/clean_log.js next time will execute after 31576448ms at 2019-11-22 00:00:00.000
2019-11-21 15:13:43,552 INFO 43613 [Timer] /Users/hy/demo-vue/node_modules/egg-logrotator/app/schedule/rotate_by_file.js next time will execute after 31577448ms at 2019-11-22 00:00:01.000
2019-11-21 15:13:43,439 INFO 43614 [egg-schedule]: register schedule /Users/hy/demo-vue/node_modules/egg-multipart/app/schedule/clean_tmpdir.js
2019-11-21 15:13:43,439 INFO 43614 [egg-schedule]: register schedule /Users/hy/demo-vue/node_modules/egg-logrotator/app/schedule/clean_log.js
2019-11-21 15:13:43,439 INFO 43614 [egg-schedule]: register schedule /Users/hy/demo-vue/node_modules/egg-logrotator/app/schedule/rotate_by_file.js
