2019-11-21 10:48:17,148 INFO 37673 [egg:logger] init all loggers with options: {"dir":"/Users/hy/demo-vue/logs/egg-demo","encoding":"utf8","env":"local","level":"INFO","consoleLevel":"INFO","disableConsoleAfterReady":false,"outputJSON":false,"buffer":true,"appLogName":"egg-demo-web.log","coreLogName":"egg-web.log","agentLogName":"egg-agent.log","errorLogName":"common-error.log","coreLogger":{"consoleLevel":"WARN"},"allowDebugAtProd":false,"type":"application"}
2019-11-21 10:48:17,224 INFO 37673 [egg-multipart] stream mode enable
2019-11-21 10:48:18,297 INFO 37673 [egg-static] starting static serve /public/ -> /Users/hy/demo-vue/app/public
2019-11-21 10:48:18,326 INFO 37673 [egg-security] use csrf middleware
2019-11-21 10:48:18,361 INFO 37673 [egg-security] use methodnoallow middleware
2019-11-21 10:48:18,372 INFO 37673 [egg-security] use noopen middleware
2019-11-21 10:48:18,440 INFO 37673 [egg-security] use nosniff middleware
2019-11-21 10:48:18,451 INFO 37673 [egg-security] use xssProtection middleware
2019-11-21 10:48:18,462 INFO 37673 [egg-security] use xframe middleware
2019-11-21 10:48:18,463 INFO 37673 [egg-security] use dta middleware
2019-11-21 10:48:18,463 INFO 37673 [egg-security] compose 7 middlewares into one security middleware
2019-11-21 10:48:18,531 INFO 37673 [egg:core] dump config after load, 5ms
2019-11-21 10:48:18,553 INFO 37673 [egg-watcher:application] watcher start success
2019-11-21 10:48:18,602 INFO 37673 [egg:core] dump config after ready, 24ms
2019-11-21 10:48:50,913 INFO 37673 [egg-view-nunjucks] loading templates from ["/Users/hy/demo-vue/app/view"]
2019-11-21 12:35:21,135 WARN 37673 [ClusterClient:Watcher] follower closed, and try to init it again
2019-11-21 13:23:41,915 WARN 37673 [ClusterClient:Watcher] follower closed, and try to init it again
2019-11-21 13:27:06,219 WARN 37673 [TCPBase] socket is closed by other side while there were still unhandled data in the socket buffer
2019-11-21 13:27:06,219 WARN 37673 [ClusterClient:Watcher] follower closed, and try to init it again
2019-11-21 15:04:07,504 INFO 43392 [egg:logger] init all loggers with options: {"dir":"/Users/hy/demo-vue/logs/egg-demo","encoding":"utf8","env":"local","level":"INFO","consoleLevel":"INFO","disableConsoleAfterReady":false,"outputJSON":false,"buffer":true,"appLogName":"egg-demo-web.log","coreLogName":"egg-web.log","agentLogName":"egg-agent.log","errorLogName":"common-error.log","coreLogger":{"consoleLevel":"WARN"},"allowDebugAtProd":false,"type":"application"}
2019-11-21 15:04:07,532 INFO 43392 [egg-multipart] stream mode enable
2019-11-21 15:04:08,308 INFO 43392 [egg-static] starting static serve /public/ -> /Users/hy/demo-vue/app/public
2019-11-21 15:04:08,313 INFO 43392 [egg-security] use csrf middleware
2019-11-21 15:04:08,316 INFO 43392 [egg-security] use methodnoallow middleware
2019-11-21 15:04:08,316 INFO 43392 [egg-security] use noopen middleware
2019-11-21 15:04:08,317 INFO 43392 [egg-security] use nosniff middleware
2019-11-21 15:04:08,322 INFO 43392 [egg-security] use xssProtection middleware
2019-11-21 15:04:08,322 INFO 43392 [egg-security] use xframe middleware
2019-11-21 15:04:08,323 INFO 43392 [egg-security] use dta middleware
2019-11-21 15:04:08,323 INFO 43392 [egg-security] compose 7 middlewares into one security middleware
2019-11-21 15:04:08,377 INFO 43392 [egg:core] dump config after load, 19ms
2019-11-21 15:04:08,397 INFO 43392 [egg-watcher:application] watcher start success
2019-11-21 15:04:08,428 INFO 43392 [egg:core] dump config after ready, 7ms
2019-11-21 15:05:59,159 INFO 43436 [egg:logger] init all loggers with options: {"dir":"/Users/hy/demo-vue/logs/egg-demo","encoding":"utf8","env":"local","level":"INFO","consoleLevel":"INFO","disableConsoleAfterReady":false,"outputJSON":false,"buffer":true,"appLogName":"egg-demo-web.log","coreLogName":"egg-web.log","agentLogName":"egg-agent.log","errorLogName":"common-error.log","coreLogger":{"consoleLevel":"WARN"},"allowDebugAtProd":false,"type":"application"}
2019-11-21 15:05:59,185 INFO 43436 [egg-multipart] stream mode enable
2019-11-21 15:05:59,784 INFO 43436 [egg-static] starting static serve /public/ -> /Users/hy/demo-vue/app/public
2019-11-21 15:05:59,801 INFO 43436 [egg-security] use csrf middleware
2019-11-21 15:05:59,803 INFO 43436 [egg-security] use methodnoallow middleware
2019-11-21 15:05:59,948 INFO 43436 [egg-security] use noopen middleware
2019-11-21 15:05:59,969 INFO 43436 [egg-security] use nosniff middleware
2019-11-21 15:05:59,987 INFO 43436 [egg-security] use xssProtection middleware
2019-11-21 15:05:59,988 INFO 43436 [egg-security] use xframe middleware
2019-11-21 15:05:59,988 INFO 43436 [egg-security] use dta middleware
2019-11-21 15:05:59,988 INFO 43436 [egg-security] compose 7 middlewares into one security middleware
2019-11-21 15:06:00,029 INFO 43436 [egg:core] dump config after load, 5ms
2019-11-21 15:06:00,048 INFO 43436 [egg-watcher:application] watcher start success
2019-11-21 15:06:00,078 INFO 43436 [egg:core] dump config after ready, 8ms
2019-11-21 15:06:02,785 ERROR 43436 nodejs.unhandledRejectionError: Request failed with status code 404
    at createError (/Users/hy/demo-vue/node_modules/axios/lib/core/createError.js:16:15)
    at settle (/Users/hy/demo-vue/node_modules/axios/lib/core/settle.js:17:12)
    at IncomingMessage.handleStreamEnd (/Users/hy/demo-vue/node_modules/axios/lib/adapters/http.js:237:11)
    at IncomingMessage.emit (events.js:203:15)
    at endReadableNT (_stream_readable.js:1145:12)
    at process._tickCallback (internal/process/next_tick.js:63:19)
config: {"url":"http://0.0.0.0:9001/public/vue-ssr-client-manifest.json","method":"get","headers":{"Accept":"application/json, text/plain, */*","User-Agent":"axios/0.19.0"},"transformRequest":[null],"transformResponse":[null],"timeout":0,"xsrfCookieName":"XSRF-TOKEN","xsrfHeaderName":"X-XSRF-TOKEN","maxContentLength":-1}
request: {"_events":{},"_eventsCount":6,"output":[],"outputEncodings":[],"outputCallbacks":[],"outputSize":0,"writable":true,"_last":true,"chunkedEncoding":false,"shouldKeepAlive":false,"useChunkedEncodingByDefault":false,"sendDate":false,"_removedConnection":false,"_removedContLen":false,"_removedTE":false,"_contentLength":0,"_hasBody":true,"_trailer":"","finished":true,"_headerSent":true,"socket":{"connecting":false,"_hadError":false,"_handle":{"reading":true,"onconnection":null},"_parent":null,"_host":null,"_readableState":{"objectMode":false,"highWaterMark":16384,"buffer":{"head":null,"tail":null,"length":0},"length":0,"pipes":null,"pipesCount":0,"flowing":true,"ended":false,"endEmitted":false,"reading":true,"sync":false,"needReadable":true,"emittedReadable":false,"readableListening":false,"resumeScheduled":false,"paused":false,"emitClose":false,"autoDestroy":false,"destroyed":false,"defaultEncoding":"utf8","awaitDrain":0,"readingMore":false,"decoder":null,"encoding":null},"readable":true,"_events":{"close":[null,null]},"_eventsCount":7,"_writableState":{"objectMode":false,"highWaterMark":16384,"finalCalled":true,"needDrain":false,"ending":true,"ended":true,"finished":false,"destroyed":false,"decodeStrings":false,"defaultEncoding":"utf8","length":0,"writing":false,"corked":0,"sync":false,"bufferProcessing":false,"writecb":null,"writelen":0,"bufferedRequest":null,"lastBufferedRequest":null,"pendingcb":1,"prefinished":false,"errorEmitted":false,"emitClose":false,"autoDestroy":false,"bufferedRequestCount":0,"corkedRequestsFree":{"next":null,"entry":null}},"writable":false,"allowHalfOpen":false,"_sockname":null,"_pendingData":null,"_pendingEncoding":"","server":null,"_server":null,"parser":null,"_httpMessage":"~"},"connection":"~socket","_header":"GET /public/vue-ssr-client-manifest.json HTTP/1.1\r\nAccept: application/json, text/plain, */*\r\nUser-Agent: axios/0.19.0\r\nHost: 0.0.0.0:9001\r\nConnection: close\r\n\r\n","agent":{"_events":{},"_eventsCount":1,"defaultPort":80,"protocol":"http:","options":{"path":null},"requests":{},"sockets":{"0.0.0.0:9001:":["~socket"]},"freeSockets":{},"keepAliveMsecs":1000,"keepAlive":false,"maxSockets":null,"maxFreeSockets":256},"method":"GET","path":"/public/vue-ssr-client-manifest.json","_ended":true,"res":{"_readableState":{"objectMode":false,"highWaterMark":16384,"buffer":{"head":null,"tail":null,"length":0},"length":0,"pipes":null,"pipesCount":0,"flowing":true,"ended":true,"endEmitted":true,"reading":false,"sync":true,"needReadable":false,"emittedReadable":false,"readableListening":false,"resumeScheduled":false,"paused":false,"emitClose":true,"autoDestroy":false,"destroyed":false,"defaultEncoding":"utf8","awaitDrain":0,"readingMore":true,"decoder":null,"encoding":null},"readable":false,"_events":{"end":[null,null]},"_eventsCount":3,"socket":"~socket","connection":"~socket","httpVersionMajor":1,"httpVersionMinor":1,"httpVersion":"1.1","complete":true,"headers":{"x-powered-by":"Express","content-security-policy":"default-src 'none'","x-content-type-options":"nosniff","content-type":"text/html; charset=utf-8","content-length":"174","date":"Thu, 21 Nov 2019 07:06:02 GMT","connection":"close"},"rawHeaders":["X-Powered-By","Express","Content-Security-Policy","default-src 'none'","X-Content-Type-Options","nosniff","Content-Type","text/html; charset=utf-8","Content-Length","174","Date","Thu, 21 Nov 2019 07:06:02 GMT","Connection","close"],"trailers":{},"rawTrailers":[],"aborted":false,"upgrade":false,"url":"","method":null,"statusCode":404,"statusMessage":"Not Found","client":"~socket","_consuming":false,"_dumped":false,"req":"~","responseUrl":"http://0.0.0.0:9001/public/vue-ssr-client-manifest.json","redirects":[]},"timeoutCb":null,"upgradeOrConnect":false,"parser":null,"maxHeadersCount":null,"_redirectable":{"_writableState":{"objectMode":false,"highWaterMark":16384,"finalCalled":false,"needDrain":false,"ending":false,"ended":false,"finished":false,"destroyed":false,"decodeStrings":true,"defaultEncoding":"utf8","length":0,"writing":false,"corked":0,"sync":true,"bufferProcessing":false,"writecb":null,"writelen":0,"bufferedRequest":null,"lastBufferedRequest":null,"pendingcb":0,"prefinished":false,"errorEmitted":false,"emitClose":true,"autoDestroy":false,"bufferedRequestCount":0,"corkedRequestsFree":{"next":null,"entry":null}},"writable":true,"_events":{},"_eventsCount":2,"_options":{"protocol":"http:","maxRedirects":21,"maxBodyLength":10485760,"path":"/public/vue-ssr-client-manifest.json","method":"GET","headers":{"Accept":"application/json, text/plain, */*","User-Agent":"axios/0.19.0"},"hostname":"0.0.0.0","port":"9001","nativeProtocols":{"http:":{"METHODS":["ACL","BIND","CHECKOUT","CONNECT","COPY","DELETE","GET","HEAD","LINK","LOCK","M-SEARCH","MERGE","MKACTIVITY","MKCALENDAR","MKCOL","MOVE","NOTIFY","OPTIONS","PATCH","POST","PROPFIND","PROPPATCH","PURGE","PUT","REBIND","REPORT","SEARCH","SOURCE","SUBSCRIBE","TRACE","UNBIND","UNLINK","UNLOCK","UNSUBSCRIBE"],"STATUS_CODES":{"100":"Continue","101":"Switching Protocols","102":"Processing","103":"Early Hints","200":"OK","201":"Created","202":"Accepted","203":"Non-Authoritative Information","204":"No Content","205":"Reset Content","206":"Partial Content","207":"Multi-Status","208":"Already Reported","226":"IM Used","300":"Multiple Choices","301":"Moved Permanently","302":"Found","303":"See Other","304":"Not Modified","305":"Use Proxy","307":"Temporary Redirect","308":"Permanent Redirect","400":"Bad Request","401":"Unauthorized","402":"Payment Required","403":"Forbidden","404":"Not Found","405":"Method Not Allowed","406":"Not Acceptable","407":"Proxy Authentication Required","408":"Request Timeout","409":"Conflict","410":"Gone","411":"Length Required","412":"Precondition Failed","413":"Payload Too Large","414":"URI Too Long","415":"Unsupported Media Type","416":"Range Not Satisfiable","417":"Expectation Failed","418":"I'm a Teapot","421":"Misdirected Request","422":"Unprocessable Entity","423":"Locked","424":"Failed Dependency","425":"Unordered Collection","426":"Upgrade Required","428":"Precondition Required","429":"Too Many Requests","431":"Request Header Fields Too Large","451":"Unavailable For Legal Reasons","500":"Internal Server Error","501":"Not Implemented","502":"Bad Gateway","503":"Service Unavailable","504":"Gateway Timeout","505":"HTTP Version Not Supported","506":"Variant Also Negotiates","507":"Insufficient Storage","508":"Loop Detected","509":"Bandwidth Limit Exceeded","510":"Not Extended","511":"Network Authentication Required"},"maxHeaderSize":8192,"globalAgent":"~agent"},"https:":{"globalAgent":{"_events":{},"_eventsCount":1,"defaultPort":443,"protocol":"https:","options":{"path":null},"requests":{},"sockets":{},"freeSockets":{},"keepAliveMsecs":1000,"keepAlive":false,"maxSockets":null,"maxFreeSockets":256,"maxCachedSessions":100,"_sessionCache":{"map":{},"list":[]}}}},"pathname":"/public/vue-ssr-client-manifest.json"},"_redirectCount":0,"_redirects":"~res~redirects","_requestBodyLength":0,"_requestBodyBuffers":[],"_currentRequest":"~","_currentUrl":"http://0.0.0.0:9001/public/vue-ssr-client-manifest.json"}}
response: {"status":404,"statusText":"Not Found","headers":{"x-powered-by":"Express","content-security-policy":"default-src 'none'","x-content-type-options":"nosniff","content-type":"text/html; charset=utf-8","content-length":"174","date":"Thu, 21 Nov 2019 07:06:02 GMT","connection":"close"},"config":{"url":"http://0.0.0.0:9001/public/vue-ssr-client-manifest.json","method":"get","headers":{"Accept":"application/json, text/plain, */*","User-Agent":"axios/0.19.0"},"transformRequest":[null],"transformResponse":[null],"timeout":0,"xsrfCookieName":"XSRF-TOKEN","xsrfHeaderName":"X-XSRF-TOKEN","maxContentLength":-1},"request":{"_events":{},"_eventsCount":6,"output":[],"outputEncodings":[],"outputCallbacks":[],"outputSize":0,"writable":true,"_last":true,"chunkedEncoding":false,"shouldKeepAlive":false,"useChunkedEncodingByDefault":false,"sendDate":false,"_removedConnection":false,"_removedContLen":false,"_removedTE":false,"_contentLength":0,"_hasBody":true,"_trailer":"","finished":true,"_headerSent":true,"socket":{"connecting":false,"_hadError":false,"_handle":{"reading":true,"onconnection":null},"_parent":null,"_host":null,"_readableState":{"objectMode":false,"highWaterMark":16384,"buffer":{"head":null,"tail":null,"length":0},"length":0,"pipes":null,"pipesCount":0,"flowing":true,"ended":false,"endEmitted":false,"reading":true,"sync":false,"needReadable":true,"emittedReadable":false,"readableListening":false,"resumeScheduled":false,"paused":false,"emitClose":false,"autoDestroy":false,"destroyed":false,"defaultEncoding":"utf8","awaitDrain":0,"readingMore":false,"decoder":null,"encoding":null},"readable":true,"_events":{"close":[null,null]},"_eventsCount":7,"_writableState":{"objectMode":false,"highWaterMark":16384,"finalCalled":true,"needDrain":false,"ending":true,"ended":true,"finished":false,"destroyed":false,"decodeStrings":false,"defaultEncoding":"utf8","length":0,"writing":false,"corked":0,"sync":false,"bufferProcessing":false,"writecb":null,"writelen":0,"bufferedRequest":null,"lastBufferedRequest":null,"pendingcb":1,"prefinished":false,"errorEmitted":false,"emitClose":false,"autoDestroy":false,"bufferedRequestCount":0,"corkedRequestsFree":{"next":null,"entry":null}},"writable":false,"allowHalfOpen":false,"_sockname":null,"_pendingData":null,"_pendingEncoding":"","server":null,"_server":null,"parser":null,"_httpMessage":"~request"},"connection":"~request~socket","_header":"GET /public/vue-ssr-client-manifest.json HTTP/1.1\r\nAccept: application/json, text/plain, */*\r\nUser-Agent: axios/0.19.0\r\nHost: 0.0.0.0:9001\r\nConnection: close\r\n\r\n","agent":{"_events":{},"_eventsCount":1,"defaultPort":80,"protocol":"http:","options":{"path":null},"requests":{},"sockets":{"0.0.0.0:9001:":["~request~socket"]},"freeSockets":{},"keepAliveMsecs":1000,"keepAlive":false,"maxSockets":null,"maxFreeSockets":256},"method":"GET","path":"/public/vue-ssr-client-manifest.json","_ended":true,"res":{"_readableState":{"objectMode":false,"highWaterMark":16384,"buffer":{"head":null,"tail":null,"length":0},"length":0,"pipes":null,"pipesCount":0,"flowing":true,"ended":true,"endEmitted":true,"reading":false,"sync":true,"needReadable":false,"emittedReadable":false,"readableListening":false,"resumeScheduled":false,"paused":false,"emitClose":true,"autoDestroy":false,"destroyed":false,"defaultEncoding":"utf8","awaitDrain":0,"readingMore":true,"decoder":null,"encoding":null},"readable":false,"_events":{"end":[null,null]},"_eventsCount":3,"socket":"~request~socket","connection":"~request~socket","httpVersionMajor":1,"httpVersionMinor":1,"httpVersion":"1.1","complete":true,"headers":"~headers","rawHeaders":["X-Powered-By","Express","Content-Security-Policy","default-src 'none'","X-Content-Type-Options","nosniff","Content-Type","text/html; charset=utf-8","Content-Length","174","Date","Thu, 21 Nov 2019 07:06:02 GMT","Connection","close"],"trailers":{},"rawTrailers":[],"aborted":false,"upgrade":false,"url":"","method":null,"statusCode":404,"statusMessage":"Not Found","client":"~request~socket","_consuming":false,"_dumped":false,"req":"~request","responseUrl":"http://0.0.0.0:9001/public/vue-ssr-client-manifest.json","redirects":[]},"timeoutCb":null,"upgradeOrConnect":false,"parser":null,"maxHeadersCount":null,"_redirectable":{"_writableState":{"objectMode":false,"highWaterMark":16384,"finalCalled":false,"needDrain":false,"ending":false,"ended":false,"finished":false,"destroyed":false,"decodeStrings":true,"defaultEncoding":"utf8","length":0,"writing":false,"corked":0,"sync":true,"bufferProcessing":false,"writecb":null,"writelen":0,"bufferedRequest":null,"lastBufferedRequest":null,"pendingcb":0,"prefinished":false,"errorEmitted":false,"emitClose":true,"autoDestroy":false,"bufferedRequestCount":0,"corkedRequestsFree":{"next":null,"entry":null}},"writable":true,"_events":{},"_eventsCount":2,"_options":{"protocol":"http:","maxRedirects":21,"maxBodyLength":10485760,"path":"/public/vue-ssr-client-manifest.json","method":"GET","headers":"~config~headers","hostname":"0.0.0.0","port":"9001","nativeProtocols":{"http:":{"METHODS":["ACL","BIND","CHECKOUT","CONNECT","COPY","DELETE","GET","HEAD","LINK","LOCK","M-SEARCH","MERGE","MKACTIVITY","MKCALENDAR","MKCOL","MOVE","NOTIFY","OPTIONS","PATCH","POST","PROPFIND","PROPPATCH","PURGE","PUT","REBIND","REPORT","SEARCH","SOURCE","SUBSCRIBE","TRACE","UNBIND","UNLINK","UNLOCK","UNSUBSCRIBE"],"STATUS_CODES":{"100":"Continue","101":"Switching Protocols","102":"Processing","103":"Early Hints","200":"OK","201":"Created","202":"Accepted","203":"Non-Authoritative Information","204":"No Content","205":"Reset Content","206":"Partial Content","207":"Multi-Status","208":"Already Reported","226":"IM Used","300":"Multiple Choices","301":"Moved Permanently","302":"Found","303":"See Other","304":"Not Modified","305":"Use Proxy","307":"Temporary Redirect","308":"Permanent Redirect","400":"Bad Request","401":"Unauthorized","402":"Payment Required","403":"Forbidden","404":"Not Found","405":"Method Not Allowed","406":"Not Acceptable","407":"Proxy Authentication Required","408":"Request Timeout","409":"Conflict","410":"Gone","411":"Length Required","412":"Precondition Failed","413":"Payload Too Large","414":"URI Too Long","415":"Unsupported Media Type","416":"Range Not Satisfiable","417":"Expectation Failed","418":"I'm a Teapot","421":"Misdirected Request","422":"Unprocessable Entity","423":"Locked","424":"Failed Dependency","425":"Unordered Collection","426":"Upgrade Required","428":"Precondition Required","429":"Too Many Requests","431":"Request Header Fields Too Large","451":"Unavailable For Legal Reasons","500":"Internal Server Error","501":"Not Implemented","502":"Bad Gateway","503":"Service Unavailable","504":"Gateway Timeout","505":"HTTP Version Not Supported","506":"Variant Also Negotiates","507":"Insufficient Storage","508":"Loop Detected","509":"Bandwidth Limit Exceeded","510":"Not Extended","511":"Network Authentication Required"},"maxHeaderSize":8192,"globalAgent":"~request~agent"},"https:":{"globalAgent":{"_events":{},"_eventsCount":1,"defaultPort":443,"protocol":"https:","options":{"path":null},"requests":{},"sockets":{},"freeSockets":{},"keepAliveMsecs":1000,"keepAlive":false,"maxSockets":null,"maxFreeSockets":256,"maxCachedSessions":100,"_sessionCache":{"map":{},"list":[]}}}},"pathname":"/public/vue-ssr-client-manifest.json"},"_redirectCount":0,"_redirects":"~request~res~redirects","_requestBodyLength":0,"_requestBodyBuffers":[],"_currentRequest":"~request","_currentUrl":"http://0.0.0.0:9001/public/vue-ssr-client-manifest.json"}},"data":"<!DOCTYPE html>\n<html lang=\"en\">\n<head>\n<meta charset=\"utf-8\">\n<title>Error</title>\n</head>\n<body>\n<pre>Cannot GET /public/vue-ssr-client-manifest.json</pre>\n</body>\n</html>\n"}
isAxiosError: true
toJSON: undefined
name: "unhandledRejectionError"
pid: 43436
hostname: hydeiMac.local

2019-11-21 15:13:43,412 INFO 43614 [egg:logger] init all loggers with options: {"dir":"/Users/hy/demo-vue/logs/egg-demo","encoding":"utf8","env":"local","level":"INFO","consoleLevel":"INFO","disableConsoleAfterReady":false,"outputJSON":false,"buffer":true,"appLogName":"egg-demo-web.log","coreLogName":"egg-web.log","agentLogName":"egg-agent.log","errorLogName":"common-error.log","coreLogger":{"consoleLevel":"WARN"},"allowDebugAtProd":false,"type":"application"}
2019-11-21 15:13:43,439 INFO 43614 [egg-multipart] stream mode enable
2019-11-21 15:13:43,473 INFO 43614 [egg-static] starting static serve /public/ -> /Users/hy/demo-vue/app/public
2019-11-21 15:13:43,475 INFO 43614 [egg-security] use csrf middleware
2019-11-21 15:13:43,476 INFO 43614 [egg-security] use methodnoallow middleware
2019-11-21 15:13:43,476 INFO 43614 [egg-security] use noopen middleware
2019-11-21 15:13:43,477 INFO 43614 [egg-security] use nosniff middleware
2019-11-21 15:13:43,477 INFO 43614 [egg-security] use xssProtection middleware
2019-11-21 15:13:43,477 INFO 43614 [egg-security] use xframe middleware
2019-11-21 15:13:43,478 INFO 43614 [egg-security] use dta middleware
2019-11-21 15:13:43,478 INFO 43614 [egg-security] compose 7 middlewares into one security middleware
2019-11-21 15:13:43,488 INFO 43614 [egg:core] dump config after load, 6ms
2019-11-21 15:13:43,509 INFO 43614 [egg-watcher:application] watcher start success
2019-11-21 15:13:43,543 INFO 43614 [egg:core] dump config after ready, 4ms
2019-11-21 15:13:48,472 INFO 43614 [egg-view-nunjucks] loading templates from ["/Users/hy/demo-vue/app/view"]
